  [1m[35m (0.1ms)[0m  [1m[34mSELECT pg_try_advisory_lock(737815420147457505) /*application='Backend'*/[0m
  [1m[36mActiveRecord::SchemaMigration Load (1.2ms)[0m  [1m[34mSELECT "schema_migrations"."version" FROM "schema_migrations" ORDER BY "schema_migrations"."version" ASC /*application='Backend'*/[0m
  [1m[36mActiveRecord::InternalMetadata Load (0.8ms)[0m  [1m[34mSELECT * FROM "ar_internal_metadata" WHERE "ar_internal_metadata"."key" = 'environment' ORDER BY "ar_internal_metadata"."key" ASC LIMIT 1 /*application='Backend'*/[0m
  [1m[36mActiveRecord::InternalMetadata Create (0.4ms)[0m  [1m[32mINSERT INTO "ar_internal_metadata" ("key", "value", "created_at", "updated_at") VALUES ('environment', 'development', '2026-05-09 14:20:34.325088', '2026-05-09 14:20:34.325090') RETURNING "key" /*application='Backend'*/[0m
Migrating to CreateUsers (20260507131346)
  [1m[36mTRANSACTION (0.1ms)[0m  [1m[35mBEGIN /*application='Backend'*/[0m
  [1m[35m (6.9ms)[0m  [1m[35mCREATE TABLE "users" ("id" bigserial primary key, "name" character varying NOT NULL, "email" character varying NOT NULL, "password_digest" character varying NOT NULL, "auth_token" character varying, "created_at" timestamp(6) NOT NULL, "updated_at" timestamp(6) NOT NULL) /*application='Backend'*/[0m
  [1m[35m (0.6ms)[0m  [1m[35mCREATE UNIQUE INDEX "index_users_on_email" ON "users" ("email") /*application='Backend'*/[0m
  [1m[35m (0.7ms)[0m  [1m[35mCREATE UNIQUE INDEX "index_users_on_auth_token" ON "users" ("auth_token") /*application='Backend'*/[0m
  [1m[36mActiveRecord::SchemaMigration Create (0.1ms)[0m  [1m[32mINSERT INTO "schema_migrations" ("version") VALUES ('20260507131346') RETURNING "version" /*application='Backend'*/[0m
  [1m[36mTRANSACTION (0.4ms)[0m  [1m[35mCOMMIT /*application='Backend'*/[0m
  [1m[35m (0.1ms)[0m  [1m[34mSELECT pg_advisory_unlock(737815420147457505) /*application='Backend'*/[0m
  [1m[36mActiveRecord::SchemaMigration Load (0.1ms)[0m  [1m[34mSELECT "schema_migrations"."version" FROM "schema_migrations" ORDER BY "schema_migrations"."version" ASC /*application='Backend'*/[0m
  [1m[35mSQL (0.0ms)[0m  [1m[35mSET search_path TO public /*application='Backend'*/[0m
  [1m[35mSQL (0.0ms)[0m  [1m[35mSET search_path TO "$user", public /*application='Backend'*/[0m
  [1m[35mSQL (0.0ms)[0m  [1m[35mSET search_path TO public /*application='Backend'*/[0m
  [1m[35mSQL (0.1ms)[0m  [1m[35mSET search_path TO "$user", public /*application='Backend'*/[0m
  [1m[35m (0.1ms)[0m  [1m[34mSELECT pg_try_advisory_lock(737815420147457505) /*application='Backend'*/[0m
  [1m[36mActiveRecord::SchemaMigration Load (0.2ms)[0m  [1m[34mSELECT "schema_migrations"."version" FROM "schema_migrations" ORDER BY "schema_migrations"."version" ASC /*application='Backend'*/[0m
  [1m[36mActiveRecord::InternalMetadata Load (0.2ms)[0m  [1m[34mSELECT * FROM "ar_internal_metadata" WHERE "ar_internal_metadata"."key" = 'environment' ORDER BY "ar_internal_metadata"."key" ASC LIMIT 1 /*application='Backend'*/[0m
Migrating to CreateCourses (20260509142551)
  [1m[36mTRANSACTION (0.1ms)[0m  [1m[35mBEGIN /*application='Backend'*/[0m
  [1m[35m (4.0ms)[0m  [1m[35mCREATE TABLE "courses" ("id" bigserial primary key, "name" character varying NOT NULL, "description" character varying, "start_date" date NOT NULL, "end_date" date NOT NULL, "creator_id" bigint NOT NULL, "created_at" timestamp(6) NOT NULL, "updated_at" timestamp(6) NOT NULL, CONSTRAINT "fk_rails_0bfb3e10f9"
FOREIGN KEY ("creator_id")
  REFERENCES "users" ("id")
) /*application='Backend'*/[0m
  [1m[35m (0.6ms)[0m  [1m[35mCREATE INDEX "index_courses_on_creator_id" ON "courses" ("creator_id") /*application='Backend'*/[0m
  [1m[35m (0.7ms)[0m  [1m[35mCREATE INDEX "index_courses_on_name" ON "courses" ("name") /*application='Backend'*/[0m
  [1m[36mActiveRecord::SchemaMigration Create (0.1ms)[0m  [1m[32mINSERT INTO "schema_migrations" ("version") VALUES ('20260509142551') RETURNING "version" /*application='Backend'*/[0m
  [1m[36mTRANSACTION (0.3ms)[0m  [1m[35mCOMMIT /*application='Backend'*/[0m
  [1m[35m (0.1ms)[0m  [1m[34mSELECT pg_advisory_unlock(737815420147457505) /*application='Backend'*/[0m
  [1m[36mActiveRecord::SchemaMigration Load (0.0ms)[0m  [1m[34mSELECT "schema_migrations"."version" FROM "schema_migrations" ORDER BY "schema_migrations"."version" ASC /*application='Backend'*/[0m
  [1m[35mSQL (0.0ms)[0m  [1m[35mSET search_path TO public /*application='Backend'*/[0m
  [1m[35mSQL (0.0ms)[0m  [1m[35mSET search_path TO "$user", public /*application='Backend'*/[0m
  [1m[35mSQL (0.0ms)[0m  [1m[35mSET search_path TO public /*application='Backend'*/[0m
  [1m[35mSQL (0.0ms)[0m  [1m[35mSET search_path TO "$user", public /*application='Backend'*/[0m
  [1m[35m (0.1ms)[0m  [1m[34mSELECT pg_try_advisory_lock(737815420147457505) /*application='Backend'*/[0m
  [1m[36mActiveRecord::SchemaMigration Load (0.2ms)[0m  [1m[34mSELECT "schema_migrations"."version" FROM "schema_migrations" ORDER BY "schema_migrations"."version" ASC /*application='Backend'*/[0m
  [1m[36mActiveRecord::InternalMetadata Load (0.2ms)[0m  [1m[34mSELECT * FROM "ar_internal_metadata" WHERE "ar_internal_metadata"."key" = 'environment' ORDER BY "ar_internal_metadata"."key" ASC LIMIT 1 /*application='Backend'*/[0m
Migrating to CreateLessons (20260509145852)
  [1m[36mTRANSACTION (0.1ms)[0m  [1m[35mBEGIN /*application='Backend'*/[0m
  [1m[35m (4.4ms)[0m  [1m[35mCREATE TABLE "lessons" ("id" bigserial primary key, "title" character varying NOT NULL, "video_url" character varying, "status" character varying DEFAULT 'draft' NOT NULL, "course_id" bigint NOT NULL, "created_at" timestamp(6) NOT NULL, "updated_at" timestamp(6) NOT NULL, CONSTRAINT "fk_rails_4bcdb571d9"
FOREIGN KEY ("course_id")
  REFERENCES "courses" ("id")
) /*application='Backend'*/[0m
  [1m[35m (0.7ms)[0m  [1m[35mCREATE INDEX "index_lessons_on_course_id" ON "lessons" ("course_id") /*application='Backend'*/[0m
  [1m[36mActiveRecord::SchemaMigration Create (0.1ms)[0m  [1m[32mINSERT INTO "schema_migrations" ("version") VALUES ('20260509145852') RETURNING "version" /*application='Backend'*/[0m
  [1m[36mTRANSACTION (0.4ms)[0m  [1m[35mCOMMIT /*application='Backend'*/[0m
  [1m[35m (0.1ms)[0m  [1m[34mSELECT pg_advisory_unlock(737815420147457505) /*application='Backend'*/[0m
  [1m[36mActiveRecord::SchemaMigration Load (0.1ms)[0m  [1m[34mSELECT "schema_migrations"."version" FROM "schema_migrations" ORDER BY "schema_migrations"."version" ASC /*application='Backend'*/[0m
  [1m[35mSQL (0.0ms)[0m  [1m[35mSET search_path TO public /*application='Backend'*/[0m
  [1m[35mSQL (0.0ms)[0m  [1m[35mSET search_path TO "$user", public /*application='Backend'*/[0m
  [1m[35mSQL (0.0ms)[0m  [1m[35mSET search_path TO public /*application='Backend'*/[0m
  [1m[35mSQL (0.0ms)[0m  [1m[35mSET search_path TO "$user", public /*application='Backend'*/[0m
  [1m[36mActiveRecord::SchemaMigration Load (0.2ms)[0m  [1m[34mSELECT "schema_migrations"."version" FROM "schema_migrations" ORDER BY "schema_migrations"."version" ASC /*application='Backend'*/[0m
  [1m[36mUser Load (0.2ms)[0m  [1m[34mSELECT "users".* FROM "users" WHERE "users"."email" = 'lucas@example.com' LIMIT 1 /*application='Backend'*/[0m
  [1m[36mTRANSACTION (0.1ms)[0m  [1m[35mBEGIN /*application='Backend'*/[0m
  [1m[36mUser Exists? (0.2ms)[0m  [1m[34mSELECT 1 AS one FROM "users" WHERE "users"."email" = 'lucas@example.com' LIMIT 1 /*application='Backend'*/[0m
  [1m[36mUser Exists? (0.1ms)[0m  [1m[34mSELECT 1 AS one FROM "users" WHERE "users"."auth_token" IS NULL LIMIT 1 /*application='Backend'*/[0m
  [1m[36mUser Create (0.2ms)[0m  [1m[32mINSERT INTO "users" ("name", "email", "password_digest", "auth_token", "created_at", "updated_at") VALUES ('Lucas', 'lucas@example.com', '$2a$12$goM30uA53XpMHMiqJtodfeNU/CFu/qVrf9LEad//UK0U4u7KB12q2', 'e30a0341d49bc726da91b448067c8308a2d1517b', '2026-05-09 17:52:17.355285', '2026-05-09 17:52:17.355285') RETURNING "id" /*application='Backend'*/[0m
  [1m[36mTRANSACTION (1.7ms)[0m  [1m[35mCOMMIT /*application='Backend'*/[0m
  [1m[36mUser Load (0.6ms)[0m  [1m[34mSELECT "users".* FROM "users" WHERE "users"."email" = 'filipe@example.com' LIMIT 1 /*application='Backend'*/[0m
  [1m[36mTRANSACTION (0.2ms)[0m  [1m[35mBEGIN /*application='Backend'*/[0m
  [1m[36mUser Exists? (1.0ms)[0m  [1m[34mSELECT 1 AS one FROM "users" WHERE "users"."email" = 'filipe@example.com' LIMIT 1 /*application='Backend'*/[0m
  [1m[36mUser Exists? (0.1ms)[0m  [1m[34mSELECT 1 AS one FROM "users" WHERE "users"."auth_token" IS NULL LIMIT 1 /*application='Backend'*/[0m
  [1m[36mUser Create (0.1ms)[0m  [1m[32mINSERT INTO "users" ("name", "email", "password_digest", "auth_token", "created_at", "updated_at") VALUES ('Filipe', 'filipe@example.com', '$2a$12$12q28gfVGyDtgjXr0ktoRu4IACoLZ.Rkbcpx4JBeGIdDjvy7Lsde.', 'd48527ab8ee3ab14d9a3ff5ed04a059d242b7404', '2026-05-09 17:52:17.528430', '2026-05-09 17:52:17.528430') RETURNING "id" /*application='Backend'*/[0m
  [1m[36mTRANSACTION (0.6ms)[0m  [1m[35mCOMMIT /*application='Backend'*/[0m
  [1m[36mUser Load (0.1ms)[0m  [1m[34mSELECT "users".* FROM "users" WHERE "users"."email" = 'barbara@example.com' LIMIT 1 /*application='Backend'*/[0m
  [1m[36mTRANSACTION (0.2ms)[0m  [1m[35mBEGIN /*application='Backend'*/[0m
  [1m[36mUser Exists? (1.0ms)[0m  [1m[34mSELECT 1 AS one FROM "users" WHERE "users"."email" = 'barbara@example.com' LIMIT 1 /*application='Backend'*/[0m
  [1m[36mUser Exists? (0.1ms)[0m  [1m[34mSELECT 1 AS one FROM "users" WHERE "users"."auth_token" IS NULL LIMIT 1 /*application='Backend'*/[0m
  [1m[36mUser Create (0.1ms)[0m  [1m[32mINSERT INTO "users" ("name", "email", "password_digest", "auth_token", "created_at", "updated_at") VALUES ('Barbara', 'barbara@example.com', '$2a$12$pWp4c84vZzUI2sqOJIcry.8FaA1wtJHzfieJ8yF82EaiLFWlpoUoO', 'e45a58c031c98b7ed72cd231de7fd5427edbf3f7', '2026-05-09 17:52:17.696606', '2026-05-09 17:52:17.696606') RETURNING "id" /*application='Backend'*/[0m
  [1m[36mTRANSACTION (0.3ms)[0m  [1m[35mCOMMIT /*application='Backend'*/[0m
  [1m[36mCourse Load (0.2ms)[0m  [1m[34mSELECT "courses".* FROM "courses" WHERE "courses"."name" = 'Course 1 by Lucas' AND "courses"."creator_id" = 1 LIMIT 1 /*application='Backend'*/[0m
  [1m[36mTRANSACTION (0.1ms)[0m  [1m[35mBEGIN /*application='Backend'*/[0m
  [1m[36mCourse Create (0.6ms)[0m  [1m[32mINSERT INTO "courses" ("name", "description", "start_date", "end_date", "creator_id", "created_at", "updated_at") VALUES ('Course 1 by Lucas', 'Description for Course 1', '2026-05-12', '2026-05-23', 1, '2026-05-09 17:52:17.711724', '2026-05-09 17:52:17.711724') RETURNING "id" /*application='Backend'*/[0m
  [1m[36mTRANSACTION (0.8ms)[0m  [1m[35mCOMMIT /*application='Backend'*/[0m
  [1m[36mLesson Load (0.1ms)[0m  [1m[34mSELECT "lessons".* FROM "lessons" WHERE "lessons"."title" = 'Lesson 1 for Course 1 by Lucas' AND "lessons"."course_id" = 1 LIMIT 1 /*application='Backend'*/[0m
  [1m[36mTRANSACTION (0.1ms)[0m  [1m[35mBEGIN /*application='Backend'*/[0m
  [1m[36mLesson Create (0.2ms)[0m  [1m[32mINSERT INTO "lessons" ("title", "video_url", "status", "course_id", "created_at", "updated_at") VALUES ('Lesson 1 for Course 1 by Lucas', 'https://example.com/video374', 'published', 1, '2026-05-09 17:52:17.720312', '2026-05-09 17:52:17.720312') RETURNING "id" /*application='Backend'*/[0m
  [1m[36mTRANSACTION (0.2ms)[0m  [1m[35mCOMMIT /*application='Backend'*/[0m
  [1m[36mLesson Load (0.1ms)[0m  [1m[34mSELECT "lessons".* FROM "lessons" WHERE "lessons"."title" = 'Lesson 2 for Course 1 by Lucas' AND "lessons"."course_id" = 1 LIMIT 1 /*application='Backend'*/[0m
  [1m[36mTRANSACTION (0.1ms)[0m  [1m[35mBEGIN /*application='Backend'*/[0m
  [1m[36mLesson Create (0.7ms)[0m  [1m[32mINSERT INTO "lessons" ("title", "video_url", "status", "course_id", "created_at", "updated_at") VALUES ('Lesson 2 for Course 1 by Lucas', 'https://example.com/video242', 'published', 1, '2026-05-09 17:52:17.722522', '2026-05-09 17:52:17.722522') RETURNING "id" /*application='Backend'*/[0m
  [1m[36mTRANSACTION (0.2ms)[0m  [1m[35mCOMMIT /*application='Backend'*/[0m
  [1m[36mLesson Load (0.1ms)[0m  [1m[34mSELECT "lessons".* FROM "lessons" WHERE "lessons"."title" = 'Lesson 3 for Course 1 by Lucas' AND "lessons"."course_id" = 1 LIMIT 1 /*application='Backend'*/[0m
  [1m[36mTRANSACTION (0.1ms)[0m  [1m[35mBEGIN /*application='Backend'*/[0m
  [1m[36mLesson Create (0.6ms)[0m  [1m[32mINSERT INTO "lessons" ("title", "video_url", "status", "course_id", "created_at", "updated_at") VALUES ('Lesson 3 for Course 1 by Lucas', 'https://example.com/video645', 'published', 1, '2026-05-09 17:52:17.725246', '2026-05-09 17:52:17.725246') RETURNING "id" /*application='Backend'*/[0m
  [1m[36mTRANSACTION (0.2ms)[0m  [1m[35mCOMMIT /*application='Backend'*/[0m
  [1m[36mCourse Load (0.1ms)[0m  [1m[34mSELECT "courses".* FROM "courses" WHERE "courses"."name" = 'Course 2 by Lucas' AND "courses"."creator_id" = 1 LIMIT 1 /*application='Backend'*/[0m
  [1m[36mTRANSACTION (0.0ms)[0m  [1m[35mBEGIN /*application='Backend'*/[0m
  [1m[36mCourse Create (0.6ms)[0m  [1m[32mINSERT INTO "courses" ("name", "description", "start_date", "end_date", "creator_id", "created_at", "updated_at") VALUES ('Course 2 by Lucas', 'Description for Course 2', '2026-05-15', '2026-05-21', 1, '2026-05-09 17:52:17.727585', '2026-05-09 17:52:17.727585') RETURNING "id" /*application='Backend'*/[0m
  [1m[36mTRANSACTION (0.1ms)[0m  [1m[35mCOMMIT /*application='Backend'*/[0m
  [1m[36mLesson Load (0.1ms)[0m  [1m[34mSELECT "lessons".* FROM "lessons" WHERE "lessons"."title" = 'Lesson 1 for Course 2 by Lucas' AND "lessons"."course_id" = 2 LIMIT 1 /*application='Backend'*/[0m
  [1m[36mTRANSACTION (0.0ms)[0m  [1m[35mBEGIN /*application='Backend'*/[0m
  [1m[36mLesson Create (0.5ms)[0m  [1m[32mINSERT INTO "lessons" ("title", "video_url", "status", "course_id", "created_at", "updated_at") VALUES ('Lesson 1 for Course 2 by Lucas', 'https://example.com/video147', 'draft', 2, '2026-05-09 17:52:17.729925', '2026-05-09 17:52:17.729925') RETURNING "id" /*application='Backend'*/[0m
  [1m[36mTRANSACTION (0.1ms)[0m  [1m[35mCOMMIT /*application='Backend'*/[0m
  [1m[36mLesson Load (0.1ms)[0m  [1m[34mSELECT "lessons".* FROM "lessons" WHERE "lessons"."title" = 'Lesson 2 for Course 2 by Lucas' AND "lessons"."course_id" = 2 LIMIT 1 /*application='Backend'*/[0m
  [1m[36mTRANSACTION (0.0ms)[0m  [1m[35mBEGIN /*application='Backend'*/[0m
  [1m[36mLesson Create (0.6ms)[0m  [1m[32mINSERT INTO "lessons" ("title", "video_url", "status", "course_id", "created_at", "updated_at") VALUES ('Lesson 2 for Course 2 by Lucas', 'https://example.com/video247', 'published', 2, '2026-05-09 17:52:17.732168', '2026-05-09 17:52:17.732168') RETURNING "id" /*application='Backend'*/[0m
  [1m[36mTRANSACTION (0.2ms)[0m  [1m[35mCOMMIT /*application='Backend'*/[0m
  [1m[36mLesson Load (0.1ms)[0m  [1m[34mSELECT "lessons".* FROM "lessons" WHERE "lessons"."title" = 'Lesson 3 for Course 2 by Lucas' AND "lessons"."course_id" = 2 LIMIT 1 /*application='Backend'*/[0m
  [1m[36mTRANSACTION (0.0ms)[0m  [1m[35mBEGIN /*application='Backend'*/[0m
  [1m[36mLesson Create (0.6ms)[0m  [1m[32mINSERT INTO "lessons" ("title", "video_url", "status", "course_id", "created_at", "updated_at") VALUES ('Lesson 3 for Course 2 by Lucas', 'https://example.com/video519', 'draft', 2, '2026-05-09 17:52:17.734397', '2026-05-09 17:52:17.734397') RETURNING "id" /*application='Backend'*/[0m
  [1m[36mTRANSACTION (0.2ms)[0m  [1m[35mCOMMIT /*application='Backend'*/[0m
  [1m[36mCourse Load (0.1ms)[0m  [1m[34mSELECT "courses".* FROM "courses" WHERE "courses"."name" = 'Course 1 by Filipe' AND "courses"."creator_id" = 2 LIMIT 1 /*application='Backend'*/[0m
  [1m[36mTRANSACTION (0.0ms)[0m  [1m[35mBEGIN /*application='Backend'*/[0m
  [1m[36mCourse Create (0.6ms)[0m  [1m[32mINSERT INTO "courses" ("name", "description", "start_date", "end_date", "creator_id", "created_at", "updated_at") VALUES ('Course 1 by Filipe', 'Description for Course 1', '2026-05-13', '2026-05-23', 2, '2026-05-09 17:52:17.736680', '2026-05-09 17:52:17.736680') RETURNING "id" /*application='Backend'*/[0m
  [1m[36mTRANSACTION (0.1ms)[0m  [1m[35mCOMMIT /*application='Backend'*/[0m
  [1m[36mLesson Load (0.1ms)[0m  [1m[34mSELECT "lessons".* FROM "lessons" WHERE "lessons"."title" = 'Lesson 1 for Course 1 by Filipe' AND "lessons"."course_id" = 3 LIMIT 1 /*application='Backend'*/[0m
  [1m[36mTRANSACTION (0.0ms)[0m  [1m[35mBEGIN /*application='Backend'*/[0m
  [1m[36mLesson Create (0.5ms)[0m  [1m[32mINSERT INTO "lessons" ("title", "video_url", "status", "course_id", "created_at", "updated_at") VALUES ('Lesson 1 for Course 1 by Filipe', 'https://example.com/video641', 'draft', 3, '2026-05-09 17:52:17.738902', '2026-05-09 17:52:17.738902') RETURNING "id" /*application='Backend'*/[0m
  [1m[36mTRANSACTION (0.1ms)[0m  [1m[35mCOMMIT /*application='Backend'*/[0m
  [1m[36mLesson Load (0.1ms)[0m  [1m[34mSELECT "lessons".* FROM "lessons" WHERE "lessons"."title" = 'Lesson 2 for Course 1 by Filipe' AND "lessons"."course_id" = 3 LIMIT 1 /*application='Backend'*/[0m
  [1m[36mTRANSACTION (0.0ms)[0m  [1m[35mBEGIN /*application='Backend'*/[0m
  [1m[36mLesson Create (0.5ms)[0m  [1m[32mINSERT INTO "lessons" ("title", "video_url", "status", "course_id", "created_at", "updated_at") VALUES ('Lesson 2 for Course 1 by Filipe', 'https://example.com/video515', 'published', 3, '2026-05-09 17:52:17.741116', '2026-05-09 17:52:17.741116') RETURNING "id" /*application='Backend'*/[0m
  [1m[36mTRANSACTION (0.1ms)[0m  [1m[35mCOMMIT /*application='Backend'*/[0m
  [1m[36mLesson Load (0.1ms)[0m  [1m[34mSELECT "lessons".* FROM "lessons" WHERE "lessons"."title" = 'Lesson 3 for Course 1 by Filipe' AND "lessons"."course_id" = 3 LIMIT 1 /*application='Backend'*/[0m
  [1m[36mTRANSACTION (0.0ms)[0m  [1m[35mBEGIN /*application='Backend'*/[0m
  [1m[36mLesson Create (0.6ms)[0m  [1m[32mINSERT INTO "lessons" ("title", "video_url", "status", "course_id", "created_at", "updated_at") VALUES ('Lesson 3 for Course 1 by Filipe', 'https://example.com/video647', 'published', 3, '2026-05-09 17:52:17.743163', '2026-05-09 17:52:17.743163') RETURNING "id" /*application='Backend'*/[0m
  [1m[36mTRANSACTION (0.1ms)[0m  [1m[35mCOMMIT /*application='Backend'*/[0m
  [1m[36mCourse Load (0.1ms)[0m  [1m[34mSELECT "courses".* FROM "courses" WHERE "courses"."name" = 'Course 2 by Filipe' AND "courses"."creator_id" = 2 LIMIT 1 /*application='Backend'*/[0m
  [1m[36mTRANSACTION (0.1ms)[0m  [1m[35mBEGIN /*application='Backend'*/[0m
  [1m[36mCourse Create (0.6ms)[0m  [1m[32mINSERT INTO "courses" ("name", "description", "start_date", "end_date", "creator_id", "created_at", "updated_at") VALUES ('Course 2 by Filipe', 'Description for Course 2', '2026-05-14', '2026-05-23', 2, '2026-05-09 17:52:17.745331', '2026-05-09 17:52:17.745331') RETURNING "id" /*application='Backend'*/[0m
  [1m[36mTRANSACTION (0.2ms)[0m  [1m[35mCOMMIT /*application='Backend'*/[0m
  [1m[36mLesson Load (0.1ms)[0m  [1m[34mSELECT "lessons".* FROM "lessons" WHERE "lessons"."title" = 'Lesson 1 for Course 2 by Filipe' AND "lessons"."course_id" = 4 LIMIT 1 /*application='Backend'*/[0m
  [1m[36mTRANSACTION (0.0ms)[0m  [1m[35mBEGIN /*application='Backend'*/[0m
  [1m[36mLesson Create (0.6ms)[0m  [1m[32mINSERT INTO "lessons" ("title", "video_url", "status", "course_id", "created_at", "updated_at") VALUES ('Lesson 1 for Course 2 by Filipe', 'https://example.com/video6', 'draft', 4, '2026-05-09 17:52:17.747643', '2026-05-09 17:52:17.747643') RETURNING "id" /*application='Backend'*/[0m
  [1m[36mTRANSACTION (0.1ms)[0m  [1m[35mCOMMIT /*application='Backend'*/[0m
  [1m[36mLesson Load (0.1ms)[0m  [1m[34mSELECT "lessons".* FROM "lessons" WHERE "lessons"."title" = 'Lesson 2 for Course 2 by Filipe' AND "lessons"."course_id" = 4 LIMIT 1 /*application='Backend'*/[0m
  [1m[36mTRANSACTION (0.0ms)[0m  [1m[35mBEGIN /*application='Backend'*/[0m
  [1m[36mLesson Create (0.6ms)[0m  [1m[32mINSERT INTO "lessons" ("title", "video_url", "status", "course_id", "created_at", "updated_at") VALUES ('Lesson 2 for Course 2 by Filipe', 'https://example.com/video585', 'draft', 4, '2026-05-09 17:52:17.749841', '2026-05-09 17:52:17.749841') RETURNING "id" /*application='Backend'*/[0m
  [1m[36mTRANSACTION (0.3ms)[0m  [1m[35mCOMMIT /*application='Backend'*/[0m
  [1m[36mLesson Load (0.1ms)[0m  [1m[34mSELECT "lessons".* FROM "lessons" WHERE "lessons"."title" = 'Lesson 3 for Course 2 by Filipe' AND "lessons"."course_id" = 4 LIMIT 1 /*application='Backend'*/[0m
  [1m[36mTRANSACTION (0.0ms)[0m  [1m[35mBEGIN /*application='Backend'*/[0m
  [1m[36mLesson Create (0.6ms)[0m  [1m[32mINSERT INTO "lessons" ("title", "video_url", "status", "course_id", "created_at", "updated_at") VALUES ('Lesson 3 for Course 2 by Filipe', 'https://example.com/video937', 'draft', 4, '2026-05-09 17:52:17.752277', '2026-05-09 17:52:17.752277') RETURNING "id" /*application='Backend'*/[0m
  [1m[36mTRANSACTION (0.1ms)[0m  [1m[35mCOMMIT /*application='Backend'*/[0m
  [1m[36mCourse Load (0.1ms)[0m  [1m[34mSELECT "courses".* FROM "courses" WHERE "courses"."name" = 'Course 1 by Barbara' AND "courses"."creator_id" = 3 LIMIT 1 /*application='Backend'*/[0m
  [1m[36mTRANSACTION (0.0ms)[0m  [1m[35mBEGIN /*application='Backend'*/[0m
  [1m[36mCourse Create (0.6ms)[0m  [1m[32mINSERT INTO "courses" ("name", "description", "start_date", "end_date", "creator_id", "created_at", "updated_at") VALUES ('Course 1 by Barbara', 'Description for Course 1', '2026-05-13', '2026-05-23', 3, '2026-05-09 17:52:17.754444', '2026-05-09 17:52:17.754444') RETURNING "id" /*application='Backend'*/[0m
  [1m[36mTRANSACTION (0.2ms)[0m  [1m[35mCOMMIT /*application='Backend'*/[0m
  [1m[36mLesson Load (0.1ms)[0m  [1m[34mSELECT "lessons".* FROM "lessons" WHERE "lessons"."title" = 'Lesson 1 for Course 1 by Barbara' AND "lessons"."course_id" = 5 LIMIT 1 /*application='Backend'*/[0m
  [1m[36mTRANSACTION (0.1ms)[0m  [1m[35mBEGIN /*application='Backend'*/[0m
  [1m[36mLesson Create (0.5ms)[0m  [1m[32mINSERT INTO "lessons" ("title", "video_url", "status", "course_id", "created_at", "updated_at") VALUES ('Lesson 1 for Course 1 by Barbara', 'https://example.com/video576', 'draft', 5, '2026-05-09 17:52:17.756749', '2026-05-09 17:52:17.756749') RETURNING "id" /*application='Backend'*/[0m
  [1m[36mTRANSACTION (0.2ms)[0m  [1m[35mCOMMIT /*application='Backend'*/[0m
  [1m[36mLesson Load (0.1ms)[0m  [1m[34mSELECT "lessons".* FROM "lessons" WHERE "lessons"."title" = 'Lesson 2 for Course 1 by Barbara' AND "lessons"."course_id" = 5 LIMIT 1 /*application='Backend'*/[0m
  [1m[36mTRANSACTION (0.0ms)[0m  [1m[35mBEGIN /*application='Backend'*/[0m
  [1m[36mLesson Create (0.5ms)[0m  [1m[32mINSERT INTO "lessons" ("title", "video_url", "status", "course_id", "created_at", "updated_at") VALUES ('Lesson 2 for Course 1 by Barbara', 'https://example.com/video738', 'published', 5, '2026-05-09 17:52:17.758892', '2026-05-09 17:52:17.758892') RETURNING "id" /*application='Backend'*/[0m
  [1m[36mTRANSACTION (0.1ms)[0m  [1m[35mCOMMIT /*application='Backend'*/[0m
  [1m[36mLesson Load (0.1ms)[0m  [1m[34mSELECT "lessons".* FROM "lessons" WHERE "lessons"."title" = 'Lesson 3 for Course 1 by Barbara' AND "lessons"."course_id" = 5 LIMIT 1 /*application='Backend'*/[0m
  [1m[36mTRANSACTION (0.0ms)[0m  [1m[35mBEGIN /*application='Backend'*/[0m
  [1m[36mLesson Create (0.6ms)[0m  [1m[32mINSERT INTO "lessons" ("title", "video_url", "status", "course_id", "created_at", "updated_at") VALUES ('Lesson 3 for Course 1 by Barbara', 'https://example.com/video521', 'published', 5, '2026-05-09 17:52:17.761093', '2026-05-09 17:52:17.761093') RETURNING "id" /*application='Backend'*/[0m
  [1m[36mTRANSACTION (0.1ms)[0m  [1m[35mCOMMIT /*application='Backend'*/[0m
  [1m[36mCourse Load (0.1ms)[0m  [1m[34mSELECT "courses".* FROM "courses" WHERE "courses"."name" = 'Course 2 by Barbara' AND "courses"."creator_id" = 3 LIMIT 1 /*application='Backend'*/[0m
  [1m[36mTRANSACTION (0.1ms)[0m  [1m[35mBEGIN /*application='Backend'*/[0m
  [1m[36mCourse Create (0.6ms)[0m  [1m[32mINSERT INTO "courses" ("name", "description", "start_date", "end_date", "creator_id", "created_at", "updated_at") VALUES ('Course 2 by Barbara', 'Description for Course 2', '2026-05-17', '2026-05-28', 3, '2026-05-09 17:52:17.763319', '2026-05-09 17:52:17.763319') RETURNING "id" /*application='Backend'*/[0m
  [1m[36mTRANSACTION (0.2ms)[0m  [1m[35mCOMMIT /*application='Backend'*/[0m
  [1m[36mLesson Load (0.1ms)[0m  [1m[34mSELECT "lessons".* FROM "lessons" WHERE "lessons"."title" = 'Lesson 1 for Course 2 by Barbara' AND "lessons"."course_id" = 6 LIMIT 1 /*application='Backend'*/[0m
  [1m[36mTRANSACTION (0.0ms)[0m  [1m[35mBEGIN /*application='Backend'*/[0m
  [1m[36mLesson Create (0.6ms)[0m  [1m[32mINSERT INTO "lessons" ("title", "video_url", "status", "course_id", "created_at", "updated_at") VALUES ('Lesson 1 for Course 2 by Barbara', 'https://example.com/video212', 'draft', 6, '2026-05-09 17:52:17.765665', '2026-05-09 17:52:17.765665') RETURNING "id" /*application='Backend'*/[0m
  [1m[36mTRANSACTION (0.1ms)[0m  [1m[35mCOMMIT /*application='Backend'*/[0m
  [1m[36mLesson Load (0.1ms)[0m  [1m[34mSELECT "lessons".* FROM "lessons" WHERE "lessons"."title" = 'Lesson 2 for Course 2 by Barbara' AND "lessons"."course_id" = 6 LIMIT 1 /*application='Backend'*/[0m
  [1m[36mTRANSACTION (0.0ms)[0m  [1m[35mBEGIN /*application='Backend'*/[0m
  [1m[36mLesson Create (0.6ms)[0m  [1m[32mINSERT INTO "lessons" ("title", "video_url", "status", "course_id", "created_at", "updated_at") VALUES ('Lesson 2 for Course 2 by Barbara', 'https://example.com/video147', 'draft', 6, '2026-05-09 17:52:17.767820', '2026-05-09 17:52:17.767820') RETURNING "id" /*application='Backend'*/[0m
  [1m[36mTRANSACTION (0.1ms)[0m  [1m[35mCOMMIT /*application='Backend'*/[0m
  [1m[36mLesson Load (0.1ms)[0m  [1m[34mSELECT "lessons".* FROM "lessons" WHERE "lessons"."title" = 'Lesson 3 for Course 2 by Barbara' AND "lessons"."course_id" = 6 LIMIT 1 /*application='Backend'*/[0m
  [1m[36mTRANSACTION (0.0ms)[0m  [1m[35mBEGIN /*application='Backend'*/[0m
  [1m[36mLesson Create (0.5ms)[0m  [1m[32mINSERT INTO "lessons" ("title", "video_url", "status", "course_id", "created_at", "updated_at") VALUES ('Lesson 3 for Course 2 by Barbara', 'https://example.com/video315', 'draft', 6, '2026-05-09 17:52:17.770040', '2026-05-09 17:52:17.770040') RETURNING "id" /*application='Backend'*/[0m
  [1m[36mTRANSACTION (0.3ms)[0m  [1m[35mCOMMIT /*application='Backend'*/[0m
  [1m[36mUser Count (22.3ms)[0m  [1m[34mSELECT COUNT(*) FROM "users" /*application='Backend'*/[0m
  [1m[36mCourse Count (1.7ms)[0m  [1m[34mSELECT COUNT(*) FROM "courses" /*application='Backend'*/[0m
  [1m[36mLesson Count (0.8ms)[0m  [1m[34mSELECT COUNT(*) FROM "lessons" /*application='Backend'*/[0m
  [1m[36mUser Load (0.7ms)[0m  [1m[34mSELECT "users".* FROM "users" WHERE "users"."email" = 'lucas@example.com' LIMIT 1 /*application='Backend'*/[0m
  [1m[36mCourse Load (0.2ms)[0m  [1m[34mSELECT "courses".* FROM "courses" WHERE "courses"."creator_id" = 1 /* loading for pp */ LIMIT 11 /*application='Backend'*/[0m
  [1m[36mCourse Load (1.2ms)[0m  [1m[34mSELECT "courses".* FROM "courses" ORDER BY "courses"."id" ASC LIMIT 1 /*application='Backend'*/[0m
  [1m[36mUser Load (0.6ms)[0m  [1m[34mSELECT "users".* FROM "users" WHERE "users"."id" = 1 LIMIT 1 /*application='Backend'*/[0m
  [1m[36mLesson Load (0.6ms)[0m  [1m[34mSELECT "lessons".* FROM "lessons" WHERE "lessons"."course_id" = 1 /* loading for pp */ LIMIT 11 /*application='Backend'*/[0m
  [1m[36mLesson Load (0.9ms)[0m  [1m[34mSELECT "lessons".* FROM "lessons" WHERE "lessons"."course_id" = 1 AND "lessons"."status" = 'draft' /* loading for pp */ LIMIT 11 /*application='Backend'*/[0m
  [1m[36mLesson Load (0.8ms)[0m  [1m[34mSELECT "lessons".* FROM "lessons" WHERE "lessons"."course_id" = 1 AND "lessons"."status" = 'published' /* loading for pp */ LIMIT 11 /*application='Backend'*/[0m
  [1m[36mUser Load (0.2ms)[0m  [1m[34mSELECT "users".* FROM "users" ORDER BY "users"."id" ASC LIMIT 1 /*application='Backend'*/[0m
  [1m[36mUser Load (0.6ms)[0m  [1m[34mSELECT "users".* FROM "users" WHERE "users"."name" = 'Barbara' LIMIT 1 /*application='Backend'*/[0m
  [1m[36mCourse Load (0.7ms)[0m  [1m[34mSELECT "courses".* FROM "courses" WHERE "courses"."creator_id" = 3 /* loading for pp */ LIMIT 11 /*application='Backend'*/[0m
  [1m[36mUser Load (0.4ms)[0m  [1m[34mSELECT "users".* FROM "users" LEFT OUTER JOIN "courses" ON "courses"."creator_id" = "users"."id" WHERE "courses"."id" IS NULL /* loading for pp */ LIMIT 11 /*application='Backend'*/[0m
Started GET "/" for 192.168.65.1 at 2026-05-09 18:34:02 +0000
  [1m[36mActiveRecord::SchemaMigration Load (0.2ms)[0m  [1m[34mSELECT "schema_migrations"."version" FROM "schema_migrations" ORDER BY "schema_migrations"."version" ASC /*application='Backend'*/[0m
Processing by Rails::WelcomeController#index as HTML
  Rendering /usr/local/bundle/ruby/3.4.0/gems/railties-8.1.3/libtemplates/rails/welcome/index.html.erb
  Rendered /usr/local/bundle/ruby/3.4.0/gems/railties-8.1.3/libtemplates/rails/welcome/index.html.erb (Duration: 0.4ms | GC: 0.0ms)
Completed 200 OK in 23ms (Views: 5.0ms | ActiveRecord: 0.0ms (0 queries, 0 cached) | GC: 0.0ms)


Started GET "/icon.png" for 192.168.65.1 at 2026-05-09 18:34:02 +0000
  
ActionController::RoutingError (No route matches [GET] "/icon.png"):
  
Started GET "/" for 192.168.65.1 at 2026-05-09 20:19:09 +0000
Processing by Rails::WelcomeController#index as HTML
  Rendering /usr/local/bundle/ruby/3.4.0/gems/railties-8.1.3/libtemplates/rails/welcome/index.html.erb
  Rendered /usr/local/bundle/ruby/3.4.0/gems/railties-8.1.3/libtemplates/rails/welcome/index.html.erb (Duration: 0.2ms | GC: 0.0ms)
Completed 200 OK in 1ms (Views: 0.8ms | ActiveRecord: 0.0ms (0 queries, 0 cached) | GC: 0.0ms)


Started GET "/api-docs" for 192.168.65.1 at 2026-05-09 20:19:11 +0000
  
ActionController::RoutingError (No route matches [GET] "/api-docs"):
  
Started GET "/favicon.ico" for 192.168.65.1 at 2026-05-09 20:19:11 +0000
  
ActionController::RoutingError (No route matches [GET] "/favicon.ico"):
  
  [1m[36mUser Load (0.3ms)[0m  [1m[34mSELECT "users".* FROM "users" ORDER BY "users"."id" ASC LIMIT 1 /*application='Backend'*/[0m
  [1m[36mUser Count (1.1ms)[0m  [1m[34mSELECT COUNT(*) FROM "users" /*application='Backend'*/[0m
Started GET "/" for 192.168.65.1 at 2026-05-09 21:17:19 +0000
Processing by Rails::WelcomeController#index as HTML
  Rendering /usr/local/bundle/ruby/3.4.0/gems/railties-8.1.3/libtemplates/rails/welcome/index.html.erb
  Rendered /usr/local/bundle/ruby/3.4.0/gems/railties-8.1.3/libtemplates/rails/welcome/index.html.erb (Duration: 0.2ms | GC: 0.0ms)
Completed 200 OK in 1ms (Views: 0.9ms | ActiveRecord: 0.0ms (0 queries, 0 cached) | GC: 0.0ms)


Started POST "/api/v1/auth/register" for 192.168.65.1 at 2026-05-09 21:19:08 +0000
Processing by Api::V1::AuthController#register as */*
  Parameters: {"name" => "filipinho tricolor", "email" => "[FILTERED]", "password" => "[FILTERED]", "auth" => {"name" => "filipinho tricolor", "email" => "[FILTERED]", "password" => "[FILTERED]"}}
  [1m[36mTRANSACTION (0.1ms)[0m  [1m[35mBEGIN /*action='register',application='Backend',controller='auth'*/[0m
  ↳ app/controllers/api/v1/auth_controller.rb:10:in 'Api::V1::AuthController#register'
  [1m[36mUser Exists? (1.6ms)[0m  [1m[34mSELECT 1 AS one FROM "users" WHERE "users"."email" = 'tri@santa.com' LIMIT 1 /*action='register',application='Backend',controller='auth'*/[0m
  ↳ app/controllers/api/v1/auth_controller.rb:10:in 'Api::V1::AuthController#register'
  [1m[36mUser Create (0.2ms)[0m  [1m[32mINSERT INTO "users" ("name", "email", "password_digest", "auth_token", "created_at", "updated_at") VALUES ('filipinho tricolor', 'tri@santa.com', '$2a$12$ELau4K0BWLxlQfYeKrHDe.RvTL2QDS3QKYE4mZYY2gY1Kf.wD2tqC', '184007a635988766a617353be6f2d7c7a64ba223', '2026-05-09 21:19:08.375794', '2026-05-09 21:19:08.375794') RETURNING "id" /*action='register',application='Backend',controller='auth'*/[0m
  ↳ app/controllers/api/v1/auth_controller.rb:10:in 'Api::V1::AuthController#register'
  [1m[36mTRANSACTION (1.6ms)[0m  [1m[35mCOMMIT /*action='register',application='Backend',controller='auth'*/[0m
  ↳ app/controllers/api/v1/auth_controller.rb:10:in 'Api::V1::AuthController#register'
Completed 201 Created in 214ms (Views: 0.1ms | ActiveRecord: 7.1ms (2 queries, 0 cached) | GC: 12.3ms)


  [1m[36mUser Count (0.9ms)[0m  [1m[34mSELECT COUNT(*) FROM "users" /*application='Backend'*/[0m
  [1m[36mUser Load (0.9ms)[0m  [1m[34mSELECT "users".* FROM "users" WHERE "users"."name" = 'filipinho tricolor' LIMIT 1 /*application='Backend'*/[0m
Started POST "/api/v1/auth/login" for 192.168.65.1 at 2026-05-09 21:21:31 +0000
Processing by Api::V1::AuthController#login as */*
  Parameters: {"email" => "[FILTERED]", "password" => "[FILTERED]", "auth" => {"email" => "[FILTERED]", "password" => "[FILTERED]"}}
  [1m[36mUser Load (0.4ms)[0m  [1m[34mSELECT "users".* FROM "users" WHERE "users"."email" = 'tri@santa.com' LIMIT 1 /*action='login',application='Backend',controller='auth'*/[0m
  ↳ app/controllers/api/v1/auth_controller.rb:18:in 'Api::V1::AuthController#login'
  [1m[36mTRANSACTION (0.2ms)[0m  [1m[35mBEGIN /*action='login',application='Backend',controller='auth'*/[0m
  ↳ app/models/user.rb:13:in 'User#regenerate_auth_token'
  [1m[36mUser Exists? (0.1ms)[0m  [1m[34mSELECT 1 AS one FROM "users" WHERE "users"."auth_token" = 'f21f1386dfa769bceb243dbed09438196e5450ef' AND "users"."id" != 4 LIMIT 1 /*action='login',application='Backend',controller='auth'*/[0m
  ↳ app/models/user.rb:13:in 'User#regenerate_auth_token'
  [1m[36mUser Update (1.8ms)[0m  [1m[33mUPDATE "users" SET "auth_token" = 'f21f1386dfa769bceb243dbed09438196e5450ef', "updated_at" = '2026-05-09 21:21:31.560099' WHERE "users"."id" = 4 /*action='login',application='Backend',controller='auth'*/[0m
  ↳ app/models/user.rb:13:in 'User#regenerate_auth_token'
  [1m[36mTRANSACTION (0.3ms)[0m  [1m[35mCOMMIT /*action='login',application='Backend',controller='auth'*/[0m
  ↳ app/models/user.rb:13:in 'User#regenerate_auth_token'
Completed 200 OK in 200ms (Views: 0.1ms | ActiveRecord: 6.0ms (3 queries, 0 cached) | GC: 4.0ms)


Started GET "/api/v1/courses" for 192.168.65.1 at 2026-05-09 21:22:24 +0000
Processing by Api::V1::CoursesController#index as */*
Filter chain halted as :authenticate_user! rendered or redirected
Completed 401 Unauthorized in 1ms (Views: 0.1ms | ActiveRecord: 0.0ms (0 queries, 0 cached) | GC: 0.6ms)


Started GET "/api/v1/courses" for 192.168.65.1 at 2026-05-09 21:23:00 +0000
Processing by Api::V1::CoursesController#index as */*
  [1m[36mUser Load (0.5ms)[0m  [1m[34mSELECT "users".* FROM "users" WHERE "users"."auth_token" = 'f21f1386dfa769bceb243dbed09438196e5450ef' LIMIT 1 /*action='index',application='Backend',controller='courses'*/[0m
  ↳ app/controllers/application_controller.rb:7:in 'ApplicationController#current_user'
  [1m[36mCourse Load (0.3ms)[0m  [1m[34mSELECT "courses".* FROM "courses" /*action='index',application='Backend',controller='courses'*/[0m
  ↳ app/controllers/api/v1/courses_controller.rb:7:in 'Api::V1::CoursesController#index'
Completed 200 OK in 14ms (Views: 4.0ms | ActiveRecord: 1.4ms (2 queries, 0 cached) | GC: 1.1ms)


Started GET "/api/v1/courses/6" for 192.168.65.1 at 2026-05-09 21:23:12 +0000
Processing by Api::V1::CoursesController#show as */*
  Parameters: {"id" => "6"}
  [1m[36mUser Load (0.3ms)[0m  [1m[34mSELECT "users".* FROM "users" WHERE "users"."auth_token" = 'f21f1386dfa769bceb243dbed09438196e5450ef' LIMIT 1 /*action='show',application='Backend',controller='courses'*/[0m
  ↳ app/controllers/application_controller.rb:7:in 'ApplicationController#current_user'
  [1m[36mCourse Load (0.3ms)[0m  [1m[34mSELECT "courses".* FROM "courses" WHERE "courses"."id" = 6 LIMIT 1 /*action='show',application='Backend',controller='courses'*/[0m
  ↳ app/controllers/api/v1/courses_controller.rb:50:in 'Api::V1::CoursesController#set_course'
  [1m[36mLesson Load (0.2ms)[0m  [1m[34mSELECT "lessons".* FROM "lessons" WHERE "lessons"."course_id" = 6 /*action='show',application='Backend',controller='courses'*/[0m
  ↳ app/controllers/api/v1/courses_controller.rb:11:in 'Api::V1::CoursesController#show'
Completed 200 OK in 15ms (Views: 6.0ms | ActiveRecord: 1.7ms (3 queries, 0 cached) | GC: 0.1ms)


Started GET "/api/v1/courses/2" for 192.168.65.1 at 2026-05-09 21:23:21 +0000
Processing by Api::V1::CoursesController#show as */*
  Parameters: {"id" => "2"}
  [1m[36mUser Load (0.5ms)[0m  [1m[34mSELECT "users".* FROM "users" WHERE "users"."auth_token" = 'f21f1386dfa769bceb243dbed09438196e5450ef' LIMIT 1 /*action='show',application='Backend',controller='courses'*/[0m
  ↳ app/controllers/application_controller.rb:7:in 'ApplicationController#current_user'
  [1m[36mCourse Load (0.2ms)[0m  [1m[34mSELECT "courses".* FROM "courses" WHERE "courses"."id" = 2 LIMIT 1 /*action='show',application='Backend',controller='courses'*/[0m
  ↳ app/controllers/api/v1/courses_controller.rb:50:in 'Api::V1::CoursesController#set_course'
  [1m[36mLesson Load (0.2ms)[0m  [1m[34mSELECT "lessons".* FROM "lessons" WHERE "lessons"."course_id" = 2 /*action='show',application='Backend',controller='courses'*/[0m
  ↳ app/controllers/api/v1/courses_controller.rb:11:in 'Api::V1::CoursesController#show'
Completed 200 OK in 5ms (Views: 1.7ms | ActiveRecord: 0.9ms (3 queries, 0 cached) | GC: 0.1ms)


Started POST "/api/v1/courses" for 192.168.65.1 at 2026-05-09 21:26:17 +0000
Processing by Api::V1::CoursesController#create as */*
  Parameters: {"name" => "curso A", "description" => "fazer o curso A", "start_date" => "2026-05-09", "end_date" => "2026-05-09", "course" => {"name" => "curso A", "description" => "fazer o curso A", "start_date" => "2026-05-09", "end_date" => "2026-05-09"}}
  [1m[36mUser Load (0.1ms)[0m  [1m[34mSELECT "users".* FROM "users" WHERE "users"."auth_token" = 'f21f1386dfa769bceb243dbed09438196e5450ef' LIMIT 1 /*action='create',application='Backend',controller='courses'*/[0m
  ↳ app/controllers/application_controller.rb:7:in 'ApplicationController#current_user'
  [1m[36mCACHE User Load (0.0ms)[0m  [1m[34mSELECT "users".* FROM "users" WHERE "users"."auth_token" = 'f21f1386dfa769bceb243dbed09438196e5450ef' LIMIT 1[0m
  ↳ app/controllers/application_controller.rb:7:in 'ApplicationController#current_user'
[31mUnpermitted parameter: :course. Context: { controller: Api::V1::CoursesController, action: create, request: #<ActionDispatch::Request:0x0000ffff5954c280>, params: {"name" => "curso A", "description" => "fazer o curso A", "start_date" => "2026-05-09", "end_date" => "2026-05-09", "controller" => "api/v1/courses", "action" => "create", "course" => {"name" => "curso A", "description" => "fazer o curso A", "start_date" => "2026-05-09", "end_date" => "2026-05-09"}} }[0m
  [1m[36mTRANSACTION (0.1ms)[0m  [1m[35mBEGIN /*action='create',application='Backend',controller='courses'*/[0m
  ↳ app/controllers/api/v1/courses_controller.rb:17:in 'Api::V1::CoursesController#create'
  [1m[36mUser Load (0.8ms)[0m  [1m[34mSELECT "users".* FROM "users" WHERE "users"."id" = 4 LIMIT 1 /*action='create',application='Backend',controller='courses'*/[0m
  ↳ app/controllers/api/v1/courses_controller.rb:17:in 'Api::V1::CoursesController#create'
  [1m[36mCourse Create (0.3ms)[0m  [1m[32mINSERT INTO "courses" ("name", "description", "start_date", "end_date", "creator_id", "created_at", "updated_at") VALUES ('curso A', 'fazer o curso A', '2026-05-09', '2026-05-09', 4, '2026-05-09 21:26:17.493692', '2026-05-09 21:26:17.493692') RETURNING "id" /*action='create',application='Backend',controller='courses'*/[0m
  ↳ app/controllers/api/v1/courses_controller.rb:17:in 'Api::V1::CoursesController#create'
  [1m[36mTRANSACTION (0.4ms)[0m  [1m[35mCOMMIT /*action='create',application='Backend',controller='courses'*/[0m
  ↳ app/controllers/api/v1/courses_controller.rb:17:in 'Api::V1::CoursesController#create'
Completed 201 Created in 10ms (Views: 0.1ms | ActiveRecord: 3.1ms (4 queries, 1 cached) | GC: 0.0ms)


Started POST "/api/v1/courses" for 192.168.65.1 at 2026-05-09 21:26:32 +0000
Processing by Api::V1::CoursesController#create as */*
  Parameters: {"name" => "curso A", "description" => "fazer o curso A", "start_date" => "2026-05-09", "end_date" => "2026-05-08", "course" => {"name" => "curso A", "description" => "fazer o curso A", "start_date" => "2026-05-09", "end_date" => "2026-05-08"}}
  [1m[36mUser Load (0.5ms)[0m  [1m[34mSELECT "users".* FROM "users" WHERE "users"."auth_token" = 'f21f1386dfa769bceb243dbed09438196e5450ef' LIMIT 1 /*action='create',application='Backend',controller='courses'*/[0m
  ↳ app/controllers/application_controller.rb:7:in 'ApplicationController#current_user'
  [1m[36mCACHE User Load (0.0ms)[0m  [1m[34mSELECT "users".* FROM "users" WHERE "users"."auth_token" = 'f21f1386dfa769bceb243dbed09438196e5450ef' LIMIT 1[0m
  ↳ app/controllers/application_controller.rb:7:in 'ApplicationController#current_user'
[31mUnpermitted parameter: :course. Context: { controller: Api::V1::CoursesController, action: create, request: #<ActionDispatch::Request:0x0000ffff566a7448>, params: {"name" => "curso A", "description" => "fazer o curso A", "start_date" => "2026-05-09", "end_date" => "2026-05-08", "controller" => "api/v1/courses", "action" => "create", "course" => {"name" => "curso A", "description" => "fazer o curso A", "start_date" => "2026-05-09", "end_date" => "2026-05-08"}} }[0m
  [1m[36mTRANSACTION (0.2ms)[0m  [1m[35mBEGIN /*action='create',application='Backend',controller='courses'*/[0m
  ↳ app/controllers/api/v1/courses_controller.rb:17:in 'Api::V1::CoursesController#create'
  [1m[36mUser Load (1.3ms)[0m  [1m[34mSELECT "users".* FROM "users" WHERE "users"."id" = 4 LIMIT 1 /*action='create',application='Backend',controller='courses'*/[0m
  ↳ app/controllers/api/v1/courses_controller.rb:17:in 'Api::V1::CoursesController#create'
  [1m[36mTRANSACTION (0.2ms)[0m  [1m[31mROLLBACK /*action='create',application='Backend',controller='courses'*/[0m
  ↳ app/controllers/api/v1/courses_controller.rb:17:in 'Api::V1::CoursesController#create'
Completed 422 Unprocessable Content in 13ms (Views: 0.1ms | ActiveRecord: 2.1ms (3 queries, 1 cached) | GC: 4.8ms)


Started POST "/api/v1/courses" for 192.168.65.1 at 2026-05-09 21:26:53 +0000
Processing by Api::V1::CoursesController#create as */*
  Parameters: {"name" => "curso A", "description" => "fazer o curso A", "start_date" => "2026-05-09", "end_date" => "2026-05-09", "course" => {"name" => "curso A", "description" => "fazer o curso A", "start_date" => "2026-05-09", "end_date" => "2026-05-09"}}
Filter chain halted as :authenticate_user! rendered or redirected
Completed 401 Unauthorized in 0ms (Views: 0.1ms | ActiveRecord: 0.0ms (0 queries, 0 cached) | GC: 0.0ms)


Started POST "/api/v1/courses" for 192.168.65.1 at 2026-05-09 21:27:01 +0000
Processing by Api::V1::CoursesController#create as */*
  Parameters: {"name" => "curso A", "description" => "fazer o curso A", "start_date" => "2026-05-09", "end_date" => "2026-05-09", "course" => {"name" => "curso A", "description" => "fazer o curso A", "start_date" => "2026-05-09", "end_date" => "2026-05-09"}}
Filter chain halted as :authenticate_user! rendered or redirected
Completed 401 Unauthorized in 1ms (Views: 0.2ms | ActiveRecord: 0.0ms (0 queries, 0 cached) | GC: 0.0ms)


Started POST "/api/v1/courses" for 192.168.65.1 at 2026-05-09 21:27:06 +0000
Processing by Api::V1::CoursesController#create as */*
  Parameters: {"name" => "curso A", "description" => "fazer o curso A", "start_date" => "2026-05-09", "end_date" => "2026-05-09", "course" => {"name" => "curso A", "description" => "fazer o curso A", "start_date" => "2026-05-09", "end_date" => "2026-05-09"}}
  [1m[36mUser Load (0.3ms)[0m  [1m[34mSELECT "users".* FROM "users" WHERE "users"."auth_token" = 'f21f1386dfa769bceb243dbed09438196e5450ef' LIMIT 1 /*action='create',application='Backend',controller='courses'*/[0m
  ↳ app/controllers/application_controller.rb:7:in 'ApplicationController#current_user'
  [1m[36mCACHE User Load (0.0ms)[0m  [1m[34mSELECT "users".* FROM "users" WHERE "users"."auth_token" = 'f21f1386dfa769bceb243dbed09438196e5450ef' LIMIT 1[0m
  ↳ app/controllers/application_controller.rb:7:in 'ApplicationController#current_user'
[31mUnpermitted parameter: :course. Context: { controller: Api::V1::CoursesController, action: create, request: #<ActionDispatch::Request:0x0000ffff585b4890>, params: {"name" => "curso A", "description" => "fazer o curso A", "start_date" => "2026-05-09", "end_date" => "2026-05-09", "controller" => "api/v1/courses", "action" => "create", "course" => {"name" => "curso A", "description" => "fazer o curso A", "start_date" => "2026-05-09", "end_date" => "2026-05-09"}} }[0m
  [1m[36mTRANSACTION (0.2ms)[0m  [1m[35mBEGIN /*action='create',application='Backend',controller='courses'*/[0m
  ↳ app/controllers/api/v1/courses_controller.rb:17:in 'Api::V1::CoursesController#create'
  [1m[36mUser Load (1.6ms)[0m  [1m[34mSELECT "users".* FROM "users" WHERE "users"."id" = 4 LIMIT 1 /*action='create',application='Backend',controller='courses'*/[0m
  ↳ app/controllers/api/v1/courses_controller.rb:17:in 'Api::V1::CoursesController#create'
  [1m[36mCourse Create (0.3ms)[0m  [1m[32mINSERT INTO "courses" ("name", "description", "start_date", "end_date", "creator_id", "created_at", "updated_at") VALUES ('curso A', 'fazer o curso A', '2026-05-09', '2026-05-09', 4, '2026-05-09 21:27:06.694797', '2026-05-09 21:27:06.694797') RETURNING "id" /*action='create',application='Backend',controller='courses'*/[0m
  ↳ app/controllers/api/v1/courses_controller.rb:17:in 'Api::V1::CoursesController#create'
  [1m[36mTRANSACTION (0.7ms)[0m  [1m[35mCOMMIT /*action='create',application='Backend',controller='courses'*/[0m
  ↳ app/controllers/api/v1/courses_controller.rb:17:in 'Api::V1::CoursesController#create'
Completed 201 Created in 9ms (Views: 0.2ms | ActiveRecord: 3.0ms (4 queries, 1 cached) | GC: 0.0ms)


  [1m[36mUser Load (10.8ms)[0m  [1m[34mSELECT "users".* FROM "users" ORDER BY "users"."id" ASC LIMIT 1 /*application='Backend'*/[0m
Started POST "/api/v1/courses" for 192.168.65.1 at 2026-05-09 21:28:16 +0000
Processing by Api::V1::CoursesController#create as */*
  Parameters: {"name" => "curso A", "description" => "fazer o curso A", "start_date" => "2026-05-09", "end_date" => "2026-05-09", "course" => {"name" => "curso A", "description" => "fazer o curso A", "start_date" => "2026-05-09", "end_date" => "2026-05-09"}}
  [1m[36mUser Load (0.3ms)[0m  [1m[34mSELECT "users".* FROM "users" WHERE "users"."auth_token" = 'e30a0341d49bc726da91b448067c8308a2d1517b' LIMIT 1 /*action='create',application='Backend',controller='courses'*/[0m
  ↳ app/controllers/application_controller.rb:7:in 'ApplicationController#current_user'
  [1m[36mCACHE User Load (0.0ms)[0m  [1m[34mSELECT "users".* FROM "users" WHERE "users"."auth_token" = 'e30a0341d49bc726da91b448067c8308a2d1517b' LIMIT 1[0m
  ↳ app/controllers/application_controller.rb:7:in 'ApplicationController#current_user'
[31mUnpermitted parameter: :course. Context: { controller: Api::V1::CoursesController, action: create, request: #<ActionDispatch::Request:0x0000ffff55434388>, params: {"name" => "curso A", "description" => "fazer o curso A", "start_date" => "2026-05-09", "end_date" => "2026-05-09", "controller" => "api/v1/courses", "action" => "create", "course" => {"name" => "curso A", "description" => "fazer o curso A", "start_date" => "2026-05-09", "end_date" => "2026-05-09"}} }[0m
  [1m[36mTRANSACTION (0.1ms)[0m  [1m[35mBEGIN /*action='create',application='Backend',controller='courses'*/[0m
  ↳ app/controllers/api/v1/courses_controller.rb:17:in 'Api::V1::CoursesController#create'
  [1m[36mUser Load (1.1ms)[0m  [1m[34mSELECT "users".* FROM "users" WHERE "users"."id" = 1 LIMIT 1 /*action='create',application='Backend',controller='courses'*/[0m
  ↳ app/controllers/api/v1/courses_controller.rb:17:in 'Api::V1::CoursesController#create'
  [1m[36mCourse Create (0.2ms)[0m  [1m[32mINSERT INTO "courses" ("name", "description", "start_date", "end_date", "creator_id", "created_at", "updated_at") VALUES ('curso A', 'fazer o curso A', '2026-05-09', '2026-05-09', 1, '2026-05-09 21:28:16.462890', '2026-05-09 21:28:16.462890') RETURNING "id" /*action='create',application='Backend',controller='courses'*/[0m
  ↳ app/controllers/api/v1/courses_controller.rb:17:in 'Api::V1::CoursesController#create'
  [1m[36mTRANSACTION (0.3ms)[0m  [1m[35mCOMMIT /*action='create',application='Backend',controller='courses'*/[0m
  ↳ app/controllers/api/v1/courses_controller.rb:17:in 'Api::V1::CoursesController#create'
Completed 201 Created in 5ms (Views: 0.1ms | ActiveRecord: 2.0ms (4 queries, 1 cached) | GC: 0.0ms)


Started PUT "/api/v1/courses/5" for 192.168.65.1 at 2026-05-09 21:28:56 +0000
Processing by Api::V1::CoursesController#update as */*
  Parameters: {"name" => "curso A", "description" => "fazer o curso A", "start_date" => "2026-05-09", "end_date" => "2026-05-09", "id" => "5", "course" => {"name" => "curso A", "description" => "fazer o curso A", "start_date" => "2026-05-09", "end_date" => "2026-05-09"}}
  [1m[36mUser Load (0.5ms)[0m  [1m[34mSELECT "users".* FROM "users" WHERE "users"."auth_token" = 'e30a0341d49bc726da91b448067c8308a2d1517b' LIMIT 1 /*action='update',application='Backend',controller='courses'*/[0m
  ↳ app/controllers/application_controller.rb:7:in 'ApplicationController#current_user'
  [1m[36mCourse Load (0.3ms)[0m  [1m[34mSELECT "courses".* FROM "courses" WHERE "courses"."id" = 5 LIMIT 1 /*action='update',application='Backend',controller='courses'*/[0m
  ↳ app/controllers/api/v1/courses_controller.rb:50:in 'Api::V1::CoursesController#set_course'
  [1m[36mUser Load (0.2ms)[0m  [1m[34mSELECT "users".* FROM "users" WHERE "users"."id" = 3 LIMIT 1 /*action='update',application='Backend',controller='courses'*/[0m
  ↳ app/controllers/api/v1/courses_controller.rb:25:in 'Api::V1::CoursesController#update'
  [1m[36mCACHE User Load (0.0ms)[0m  [1m[34mSELECT "users".* FROM "users" WHERE "users"."auth_token" = 'e30a0341d49bc726da91b448067c8308a2d1517b' LIMIT 1[0m
  ↳ app/controllers/application_controller.rb:7:in 'ApplicationController#current_user'
Completed 403 Forbidden in 5ms (Views: 0.1ms | ActiveRecord: 0.9ms (4 queries, 1 cached) | GC: 0.0ms)


Started PUT "/api/v1/courses/" for 192.168.65.1 at 2026-05-09 21:31:25 +0000
  
ActionController::RoutingError (No route matches [PUT] "/api/v1/courses"):
  
Started PUT "/api/v1/courses" for 192.168.65.1 at 2026-05-09 21:31:30 +0000
  
ActionController::RoutingError (No route matches [PUT] "/api/v1/courses"):
  
Started GET "/api/v1/courses" for 192.168.65.1 at 2026-05-09 21:31:42 +0000
Processing by Api::V1::CoursesController#index as */*
  Parameters: {"name" => "curso A", "description" => "fazer o curso A", "start_date" => "2026-05-09", "end_date" => "2026-05-09", "course" => {"name" => "curso A", "description" => "fazer o curso A", "start_date" => "2026-05-09", "end_date" => "2026-05-09"}}
  [1m[36mUser Load (0.4ms)[0m  [1m[34mSELECT "users".* FROM "users" WHERE "users"."auth_token" = 'e30a0341d49bc726da91b448067c8308a2d1517b' LIMIT 1 /*action='index',application='Backend',controller='courses'*/[0m
  ↳ app/controllers/application_controller.rb:7:in 'ApplicationController#current_user'
  [1m[36mCourse Load (0.3ms)[0m  [1m[34mSELECT "courses".* FROM "courses" /*action='index',application='Backend',controller='courses'*/[0m
  ↳ app/controllers/api/v1/courses_controller.rb:7:in 'Api::V1::CoursesController#index'
Completed 200 OK in 4ms (Views: 1.8ms | ActiveRecord: 0.7ms (2 queries, 0 cached) | GC: 0.0ms)


Started GET "/api/v1/4/lessons" for 192.168.65.1 at 2026-05-09 21:56:53 +0000
  
ActionController::RoutingError (No route matches [GET] "/api/v1/4/lessons"):
  
Started GET "/api/v1/courses/4/lessons" for 192.168.65.1 at 2026-05-09 21:59:27 +0000
Processing by Api::V1::LessonsController#index as */*
  Parameters: {"name" => "curso A", "description" => "fazer o curso A", "start_date" => "2026-05-09", "end_date" => "2026-05-09", "course_id" => "4", "lesson" => {}}
  [1m[36mUser Load (0.4ms)[0m  [1m[34mSELECT "users".* FROM "users" WHERE "users"."auth_token" = 'e30a0341d49bc726da91b448067c8308a2d1517b' LIMIT 1 /*action='index',application='Backend',controller='lessons'*/[0m
  ↳ app/controllers/application_controller.rb:7:in 'ApplicationController#current_user'
  [1m[36mCourse Load (0.2ms)[0m  [1m[34mSELECT "courses".* FROM "courses" WHERE "courses"."id" = 4 LIMIT 1 /*action='index',application='Backend',controller='lessons'*/[0m
  ↳ app/controllers/api/v1/lessons_controller.rb:47:in 'Api::V1::LessonsController#set_course'
  [1m[36mLesson Load (0.2ms)[0m  [1m[34mSELECT "lessons".* FROM "lessons" WHERE "lessons"."course_id" = 4 /*action='index',application='Backend',controller='lessons'*/[0m
  ↳ app/controllers/api/v1/lessons_controller.rb:8:in 'Api::V1::LessonsController#index'
Completed 200 OK in 16ms (Views: 2.6ms | ActiveRecord: 5.6ms (3 queries, 0 cached) | GC: 4.9ms)


Started GET "/api/v1/courses/8/lessons" for 192.168.65.1 at 2026-05-09 21:59:46 +0000
Processing by Api::V1::LessonsController#index as */*
  Parameters: {"name" => "curso A", "description" => "fazer o curso A", "start_date" => "2026-05-09", "end_date" => "2026-05-09", "course_id" => "8", "lesson" => {}}
  [1m[36mUser Load (0.4ms)[0m  [1m[34mSELECT "users".* FROM "users" WHERE "users"."auth_token" = 'e30a0341d49bc726da91b448067c8308a2d1517b' LIMIT 1 /*action='index',application='Backend',controller='lessons'*/[0m
  ↳ app/controllers/application_controller.rb:7:in 'ApplicationController#current_user'
  [1m[36mCourse Load (0.4ms)[0m  [1m[34mSELECT "courses".* FROM "courses" WHERE "courses"."id" = 8 LIMIT 1 /*action='index',application='Backend',controller='lessons'*/[0m
  ↳ app/controllers/api/v1/lessons_controller.rb:47:in 'Api::V1::LessonsController#set_course'
  [1m[36mLesson Load (0.2ms)[0m  [1m[34mSELECT "lessons".* FROM "lessons" WHERE "lessons"."course_id" = 8 /*action='index',application='Backend',controller='lessons'*/[0m
  ↳ app/controllers/api/v1/lessons_controller.rb:8:in 'Api::V1::LessonsController#index'
Completed 200 OK in 5ms (Views: 1.2ms | ActiveRecord: 0.9ms (3 queries, 0 cached) | GC: 0.0ms)


Started GET "/api/v1/courses/7/lessons" for 192.168.65.1 at 2026-05-09 21:59:51 +0000
Processing by Api::V1::LessonsController#index as */*
  Parameters: {"name" => "curso A", "description" => "fazer o curso A", "start_date" => "2026-05-09", "end_date" => "2026-05-09", "course_id" => "7", "lesson" => {}}
  [1m[36mUser Load (0.3ms)[0m  [1m[34mSELECT "users".* FROM "users" WHERE "users"."auth_token" = 'e30a0341d49bc726da91b448067c8308a2d1517b' LIMIT 1 /*action='index',application='Backend',controller='lessons'*/[0m
  ↳ app/controllers/application_controller.rb:7:in 'ApplicationController#current_user'
  [1m[36mCourse Load (0.3ms)[0m  [1m[34mSELECT "courses".* FROM "courses" WHERE "courses"."id" = 7 LIMIT 1 /*action='index',application='Backend',controller='lessons'*/[0m
  ↳ app/controllers/api/v1/lessons_controller.rb:47:in 'Api::V1::LessonsController#set_course'
  [1m[36mLesson Load (0.2ms)[0m  [1m[34mSELECT "lessons".* FROM "lessons" WHERE "lessons"."course_id" = 7 /*action='index',application='Backend',controller='lessons'*/[0m
  ↳ app/controllers/api/v1/lessons_controller.rb:8:in 'Api::V1::LessonsController#index'
Completed 200 OK in 4ms (Views: 1.1ms | ActiveRecord: 0.8ms (3 queries, 0 cached) | GC: 0.0ms)


Started GET "/api/v1/courses/6/lessons" for 192.168.65.1 at 2026-05-09 21:59:54 +0000
Processing by Api::V1::LessonsController#index as */*
  Parameters: {"name" => "curso A", "description" => "fazer o curso A", "start_date" => "2026-05-09", "end_date" => "2026-05-09", "course_id" => "6", "lesson" => {}}
  [1m[36mUser Load (0.3ms)[0m  [1m[34mSELECT "users".* FROM "users" WHERE "users"."auth_token" = 'e30a0341d49bc726da91b448067c8308a2d1517b' LIMIT 1 /*action='index',application='Backend',controller='lessons'*/[0m
  ↳ app/controllers/application_controller.rb:7:in 'ApplicationController#current_user'
  [1m[36mCourse Load (0.1ms)[0m  [1m[34mSELECT "courses".* FROM "courses" WHERE "courses"."id" = 6 LIMIT 1 /*action='index',application='Backend',controller='lessons'*/[0m
  ↳ app/controllers/api/v1/lessons_controller.rb:47:in 'Api::V1::LessonsController#set_course'
  [1m[36mLesson Load (0.2ms)[0m  [1m[34mSELECT "lessons".* FROM "lessons" WHERE "lessons"."course_id" = 6 /*action='index',application='Backend',controller='lessons'*/[0m
  ↳ app/controllers/api/v1/lessons_controller.rb:8:in 'Api::V1::LessonsController#index'
Completed 200 OK in 4ms (Views: 1.7ms | ActiveRecord: 0.6ms (3 queries, 0 cached) | GC: 0.0ms)


Started GET "/api/v1/courses/6/lessons?status=draft" for 192.168.65.1 at 2026-05-09 22:00:07 +0000
Processing by Api::V1::LessonsController#index as */*
  Parameters: {"name" => "curso A", "description" => "fazer o curso A", "start_date" => "2026-05-09", "end_date" => "2026-05-09", "status" => "draft", "course_id" => "6", "lesson" => {}}
  [1m[36mUser Load (0.5ms)[0m  [1m[34mSELECT "users".* FROM "users" WHERE "users"."auth_token" = 'e30a0341d49bc726da91b448067c8308a2d1517b' LIMIT 1 /*action='index',application='Backend',controller='lessons'*/[0m
  ↳ app/controllers/application_controller.rb:7:in 'ApplicationController#current_user'
  [1m[36mCourse Load (0.3ms)[0m  [1m[34mSELECT "courses".* FROM "courses" WHERE "courses"."id" = 6 LIMIT 1 /*action='index',application='Backend',controller='lessons'*/[0m
  ↳ app/controllers/api/v1/lessons_controller.rb:47:in 'Api::V1::LessonsController#set_course'
  [1m[36mLesson Load (0.3ms)[0m  [1m[34mSELECT "lessons".* FROM "lessons" WHERE "lessons"."course_id" = 6 AND "lessons"."status" = 'draft' /*action='index',application='Backend',controller='lessons'*/[0m
  ↳ app/controllers/api/v1/lessons_controller.rb:8:in 'Api::V1::LessonsController#index'
Completed 200 OK in 6ms (Views: 1.7ms | ActiveRecord: 1.0ms (3 queries, 0 cached) | GC: 0.0ms)


Started GET "/api/v1/courses/6/lessons?status=published" for 192.168.65.1 at 2026-05-09 22:00:16 +0000
Processing by Api::V1::LessonsController#index as */*
  Parameters: {"name" => "curso A", "description" => "fazer o curso A", "start_date" => "2026-05-09", "end_date" => "2026-05-09", "status" => "published", "course_id" => "6", "lesson" => {}}
  [1m[36mUser Load (0.3ms)[0m  [1m[34mSELECT "users".* FROM "users" WHERE "users"."auth_token" = 'e30a0341d49bc726da91b448067c8308a2d1517b' LIMIT 1 /*action='index',application='Backend',controller='lessons'*/[0m
  ↳ app/controllers/application_controller.rb:7:in 'ApplicationController#current_user'
  [1m[36mCourse Load (0.1ms)[0m  [1m[34mSELECT "courses".* FROM "courses" WHERE "courses"."id" = 6 LIMIT 1 /*action='index',application='Backend',controller='lessons'*/[0m
  ↳ app/controllers/api/v1/lessons_controller.rb:47:in 'Api::V1::LessonsController#set_course'
  [1m[36mLesson Load (0.2ms)[0m  [1m[34mSELECT "lessons".* FROM "lessons" WHERE "lessons"."course_id" = 6 AND "lessons"."status" = 'published' /*action='index',application='Backend',controller='lessons'*/[0m
  ↳ app/controllers/api/v1/lessons_controller.rb:8:in 'Api::V1::LessonsController#index'
Completed 200 OK in 3ms (Views: 0.7ms | ActiveRecord: 0.6ms (3 queries, 0 cached) | GC: 0.0ms)


Started GET "/api/v1/courses/3/lessons?status=published" for 192.168.65.1 at 2026-05-09 22:00:21 +0000
Processing by Api::V1::LessonsController#index as */*
  Parameters: {"name" => "curso A", "description" => "fazer o curso A", "start_date" => "2026-05-09", "end_date" => "2026-05-09", "status" => "published", "course_id" => "3", "lesson" => {}}
  [1m[36mUser Load (0.3ms)[0m  [1m[34mSELECT "users".* FROM "users" WHERE "users"."auth_token" = 'e30a0341d49bc726da91b448067c8308a2d1517b' LIMIT 1 /*action='index',application='Backend',controller='lessons'*/[0m
  ↳ app/controllers/application_controller.rb:7:in 'ApplicationController#current_user'
  [1m[36mCourse Load (0.1ms)[0m  [1m[34mSELECT "courses".* FROM "courses" WHERE "courses"."id" = 3 LIMIT 1 /*action='index',application='Backend',controller='lessons'*/[0m
  ↳ app/controllers/api/v1/lessons_controller.rb:47:in 'Api::V1::LessonsController#set_course'
  [1m[36mLesson Load (0.2ms)[0m  [1m[34mSELECT "lessons".* FROM "lessons" WHERE "lessons"."course_id" = 3 AND "lessons"."status" = 'published' /*action='index',application='Backend',controller='lessons'*/[0m
  ↳ app/controllers/api/v1/lessons_controller.rb:8:in 'Api::V1::LessonsController#index'
Completed 200 OK in 4ms (Views: 1.7ms | ActiveRecord: 0.6ms (3 queries, 0 cached) | GC: 0.0ms)


Started GET "/api/v1/courses/3/lessons?status=draft" for 192.168.65.1 at 2026-05-09 22:00:28 +0000
Processing by Api::V1::LessonsController#index as */*
  Parameters: {"name" => "curso A", "description" => "fazer o curso A", "start_date" => "2026-05-09", "end_date" => "2026-05-09", "status" => "draft", "course_id" => "3", "lesson" => {}}
  [1m[36mUser Load (0.3ms)[0m  [1m[34mSELECT "users".* FROM "users" WHERE "users"."auth_token" = 'e30a0341d49bc726da91b448067c8308a2d1517b' LIMIT 1 /*action='index',application='Backend',controller='lessons'*/[0m
  ↳ app/controllers/application_controller.rb:7:in 'ApplicationController#current_user'
  [1m[36mCourse Load (0.1ms)[0m  [1m[34mSELECT "courses".* FROM "courses" WHERE "courses"."id" = 3 LIMIT 1 /*action='index',application='Backend',controller='lessons'*/[0m
  ↳ app/controllers/api/v1/lessons_controller.rb:47:in 'Api::V1::LessonsController#set_course'
  [1m[36mLesson Load (0.1ms)[0m  [1m[34mSELECT "lessons".* FROM "lessons" WHERE "lessons"."course_id" = 3 AND "lessons"."status" = 'draft' /*action='index',application='Backend',controller='lessons'*/[0m
  ↳ app/controllers/api/v1/lessons_controller.rb:8:in 'Api::V1::LessonsController#index'
Completed 200 OK in 3ms (Views: 0.8ms | ActiveRecord: 0.5ms (3 queries, 0 cached) | GC: 0.0ms)


Started GET "/api/v1/courses/3/lessons?status=cidasd" for 192.168.65.1 at 2026-05-09 22:00:33 +0000
Processing by Api::V1::LessonsController#index as */*
  Parameters: {"name" => "curso A", "description" => "fazer o curso A", "start_date" => "2026-05-09", "end_date" => "2026-05-09", "status" => "cidasd", "course_id" => "3", "lesson" => {}}
  [1m[36mUser Load (0.5ms)[0m  [1m[34mSELECT "users".* FROM "users" WHERE "users"."auth_token" = 'e30a0341d49bc726da91b448067c8308a2d1517b' LIMIT 1 /*action='index',application='Backend',controller='lessons'*/[0m
  ↳ app/controllers/application_controller.rb:7:in 'ApplicationController#current_user'
  [1m[36mCourse Load (0.3ms)[0m  [1m[34mSELECT "courses".* FROM "courses" WHERE "courses"."id" = 3 LIMIT 1 /*action='index',application='Backend',controller='lessons'*/[0m
  ↳ app/controllers/api/v1/lessons_controller.rb:47:in 'Api::V1::LessonsController#set_course'
  [1m[36mLesson Load (0.2ms)[0m  [1m[34mSELECT "lessons".* FROM "lessons" WHERE "lessons"."course_id" = 3 AND "lessons"."status" = 'cidasd' /*action='index',application='Backend',controller='lessons'*/[0m
  ↳ app/controllers/api/v1/lessons_controller.rb:8:in 'Api::V1::LessonsController#index'
Completed 200 OK in 5ms (Views: 1.2ms | ActiveRecord: 1.0ms (3 queries, 0 cached) | GC: 0.1ms)


Started POST "/api/v1/courses/7/lessons" for 192.168.65.1 at 2026-05-09 22:02:00 +0000
Processing by Api::V1::LessonsController#create as */*
  Parameters: {"title" => "title", "video_url" => "youtube.com/videozinho", "course_id" => "7", "lesson" => {"title" => "title", "video_url" => "youtube.com/videozinho"}}
  [1m[36mUser Load (0.4ms)[0m  [1m[34mSELECT "users".* FROM "users" WHERE "users"."auth_token" = 'e30a0341d49bc726da91b448067c8308a2d1517b' LIMIT 1 /*action='create',application='Backend',controller='lessons'*/[0m
  ↳ app/controllers/application_controller.rb:7:in 'ApplicationController#current_user'
  [1m[36mCourse Load (0.3ms)[0m  [1m[34mSELECT "courses".* FROM "courses" WHERE "courses"."id" = 7 LIMIT 1 /*action='create',application='Backend',controller='lessons'*/[0m
  ↳ app/controllers/api/v1/lessons_controller.rb:47:in 'Api::V1::LessonsController#set_course'
[31mUnpermitted parameters: :course_id, :lesson. Context: { controller: Api::V1::LessonsController, action: create, request: #<ActionDispatch::Request:0x0000ffff595ad210>, params: {"title" => "title", "video_url" => "youtube.com/videozinho", "controller" => "api/v1/lessons", "action" => "create", "course_id" => "7", "lesson" => {"title" => "title", "video_url" => "youtube.com/videozinho"}} }[0m
Completed 422 Unprocessable Content in 6ms (Views: 0.1ms | ActiveRecord: 0.7ms (2 queries, 0 cached) | GC: 1.2ms)


Started POST "/api/v1/courses/7/lessons" for 192.168.65.1 at 2026-05-09 22:02:10 +0000
Processing by Api::V1::LessonsController#create as */*
  Parameters: {"title" => "title", "video_url" => "http://youtube.com/videozinho", "course_id" => "7", "lesson" => {"title" => "title", "video_url" => "http://youtube.com/videozinho"}}
  [1m[36mUser Load (0.3ms)[0m  [1m[34mSELECT "users".* FROM "users" WHERE "users"."auth_token" = 'e30a0341d49bc726da91b448067c8308a2d1517b' LIMIT 1 /*action='create',application='Backend',controller='lessons'*/[0m
  ↳ app/controllers/application_controller.rb:7:in 'ApplicationController#current_user'
  [1m[36mCourse Load (0.3ms)[0m  [1m[34mSELECT "courses".* FROM "courses" WHERE "courses"."id" = 7 LIMIT 1 /*action='create',application='Backend',controller='lessons'*/[0m
  ↳ app/controllers/api/v1/lessons_controller.rb:47:in 'Api::V1::LessonsController#set_course'
[31mUnpermitted parameters: :course_id, :lesson. Context: { controller: Api::V1::LessonsController, action: create, request: #<ActionDispatch::Request:0x0000ffff5096eec0>, params: {"title" => "title", "video_url" => "http://youtube.com/videozinho", "controller" => "api/v1/lessons", "action" => "create", "course_id" => "7", "lesson" => {"title" => "title", "video_url" => "http://youtube.com/videozinho"}} }[0m
  [1m[36mTRANSACTION (0.2ms)[0m  [1m[35mBEGIN /*action='create',application='Backend',controller='lessons'*/[0m
  ↳ app/controllers/api/v1/lessons_controller.rb:14:in 'Api::V1::LessonsController#create'
  [1m[36mLesson Create (1.6ms)[0m  [1m[32mINSERT INTO "lessons" ("title", "video_url", "status", "course_id", "created_at", "updated_at") VALUES ('title', 'http://youtube.com/videozinho', 'draft', 7, '2026-05-09 22:02:10.230376', '2026-05-09 22:02:10.230376') RETURNING "id" /*action='create',application='Backend',controller='lessons'*/[0m
  ↳ app/controllers/api/v1/lessons_controller.rb:14:in 'Api::V1::LessonsController#create'
  [1m[36mTRANSACTION (2.0ms)[0m  [1m[35mCOMMIT /*action='create',application='Backend',controller='lessons'*/[0m
  ↳ app/controllers/api/v1/lessons_controller.rb:14:in 'Api::V1::LessonsController#create'
Completed 201 Created in 9ms (Views: 0.2ms | ActiveRecord: 4.4ms (3 queries, 0 cached) | GC: 0.0ms)


Started POST "/api/v1/courses/7/lessons" for 192.168.65.1 at 2026-05-09 22:02:23 +0000
Processing by Api::V1::LessonsController#create as */*
  Parameters: {"title" => "title", "video_url" => "http://youtube.com/videozinho", "course_id" => "7", "lesson" => {"title" => "title", "video_url" => "http://youtube.com/videozinho"}}
Filter chain halted as :authenticate_user! rendered or redirected
Completed 401 Unauthorized in 0ms (Views: 0.1ms | ActiveRecord: 0.0ms (0 queries, 0 cached) | GC: 0.0ms)


Started POST "/api/v1/courses/7/lessons" for 192.168.65.1 at 2026-05-09 22:02:39 +0000
Processing by Api::V1::LessonsController#create as */*
  Parameters: {"title" => "title", "video_url" => "http://youtube.com/videozinho", "course_id" => "7", "lesson" => {"title" => "title", "video_url" => "http://youtube.com/videozinho"}}
  [1m[36mUser Load (0.2ms)[0m  [1m[34mSELECT "users".* FROM "users" WHERE "users"."auth_token" = 'adsasdasd' LIMIT 1 /*action='create',application='Backend',controller='lessons'*/[0m
  ↳ app/controllers/application_controller.rb:7:in 'ApplicationController#current_user'
Filter chain halted as :authenticate_user! rendered or redirected
Completed 401 Unauthorized in 2ms (Views: 0.1ms | ActiveRecord: 0.2ms (1 query, 0 cached) | GC: 0.0ms)


Started POST "/api/v1/courses/7/lessons" for 192.168.65.1 at 2026-05-09 22:02:44 +0000
Processing by Api::V1::LessonsController#create as */*
  Parameters: {"title" => "title", "video_url" => "http://youtube.com/videozinho", "course_id" => "7", "lesson" => {"title" => "title", "video_url" => "http://youtube.com/videozinho"}}
  [1m[36mUser Load (0.4ms)[0m  [1m[34mSELECT "users".* FROM "users" WHERE "users"."auth_token" = 'e30a0341d49bc726da91b448067c8308a2d1517b' LIMIT 1 /*action='create',application='Backend',controller='lessons'*/[0m
  ↳ app/controllers/application_controller.rb:7:in 'ApplicationController#current_user'
  [1m[36mCourse Load (0.1ms)[0m  [1m[34mSELECT "courses".* FROM "courses" WHERE "courses"."id" = 7 LIMIT 1 /*action='create',application='Backend',controller='lessons'*/[0m
  ↳ app/controllers/api/v1/lessons_controller.rb:47:in 'Api::V1::LessonsController#set_course'
[31mUnpermitted parameters: :course_id, :lesson. Context: { controller: Api::V1::LessonsController, action: create, request: #<ActionDispatch::Request:0x0000ffff5661e3a0>, params: {"title" => "title", "video_url" => "http://youtube.com/videozinho", "controller" => "api/v1/lessons", "action" => "create", "course_id" => "7", "lesson" => {"title" => "title", "video_url" => "http://youtube.com/videozinho"}} }[0m
  [1m[36mTRANSACTION (0.1ms)[0m  [1m[35mBEGIN /*action='create',application='Backend',controller='lessons'*/[0m
  ↳ app/controllers/api/v1/lessons_controller.rb:14:in 'Api::V1::LessonsController#create'
  [1m[36mLesson Create (0.9ms)[0m  [1m[32mINSERT INTO "lessons" ("title", "video_url", "status", "course_id", "created_at", "updated_at") VALUES ('title', 'http://youtube.com/videozinho', 'draft', 7, '2026-05-09 22:02:44.183597', '2026-05-09 22:02:44.183597') RETURNING "id" /*action='create',application='Backend',controller='lessons'*/[0m
  ↳ app/controllers/api/v1/lessons_controller.rb:14:in 'Api::V1::LessonsController#create'
  [1m[36mTRANSACTION (0.7ms)[0m  [1m[35mCOMMIT /*action='create',application='Backend',controller='lessons'*/[0m
  ↳ app/controllers/api/v1/lessons_controller.rb:14:in 'Api::V1::LessonsController#create'
Completed 201 Created in 7ms (Views: 0.2ms | ActiveRecord: 2.3ms (3 queries, 0 cached) | GC: 0.0ms)


Started POST "/api/v1/courses/8/lessons" for 192.168.65.1 at 2026-05-09 22:02:51 +0000
Processing by Api::V1::LessonsController#create as */*
  Parameters: {"title" => "title", "video_url" => "http://youtube.com/videozinho", "course_id" => "8", "lesson" => {"title" => "title", "video_url" => "http://youtube.com/videozinho"}}
  [1m[36mUser Load (1.5ms)[0m  [1m[34mSELECT "users".* FROM "users" WHERE "users"."auth_token" = 'e30a0341d49bc726da91b448067c8308a2d1517b' LIMIT 1 /*action='create',application='Backend',controller='lessons'*/[0m
  ↳ app/controllers/application_controller.rb:7:in 'ApplicationController#current_user'
  [1m[36mCourse Load (0.8ms)[0m  [1m[34mSELECT "courses".* FROM "courses" WHERE "courses"."id" = 8 LIMIT 1 /*action='create',application='Backend',controller='lessons'*/[0m
  ↳ app/controllers/api/v1/lessons_controller.rb:47:in 'Api::V1::LessonsController#set_course'
[31mUnpermitted parameters: :course_id, :lesson. Context: { controller: Api::V1::LessonsController, action: create, request: #<ActionDispatch::Request:0x0000ffff62848160>, params: {"title" => "title", "video_url" => "http://youtube.com/videozinho", "controller" => "api/v1/lessons", "action" => "create", "course_id" => "8", "lesson" => {"title" => "title", "video_url" => "http://youtube.com/videozinho"}} }[0m
  [1m[36mTRANSACTION (0.9ms)[0m  [1m[35mBEGIN /*action='create',application='Backend',controller='lessons'*/[0m
  ↳ app/controllers/api/v1/lessons_controller.rb:14:in 'Api::V1::LessonsController#create'
  [1m[36mLesson Create (7.0ms)[0m  [1m[32mINSERT INTO "lessons" ("title", "video_url", "status", "course_id", "created_at", "updated_at") VALUES ('title', 'http://youtube.com/videozinho', 'draft', 8, '2026-05-09 22:02:51.703214', '2026-05-09 22:02:51.703214') RETURNING "id" /*action='create',application='Backend',controller='lessons'*/[0m
  ↳ app/controllers/api/v1/lessons_controller.rb:14:in 'Api::V1::LessonsController#create'
  [1m[36mTRANSACTION (0.7ms)[0m  [1m[35mCOMMIT /*action='create',application='Backend',controller='lessons'*/[0m
  ↳ app/controllers/api/v1/lessons_controller.rb:14:in 'Api::V1::LessonsController#create'
Completed 201 Created in 32ms (Views: 0.2ms | ActiveRecord: 10.4ms (3 queries, 0 cached) | GC: 9.5ms)


Started POST "/api/v1/courses/2/lessons" for 192.168.65.1 at 2026-05-09 22:02:56 +0000
Processing by Api::V1::LessonsController#create as */*
  Parameters: {"title" => "title", "video_url" => "http://youtube.com/videozinho", "course_id" => "2", "lesson" => {"title" => "title", "video_url" => "http://youtube.com/videozinho"}}
  [1m[36mUser Load (0.6ms)[0m  [1m[34mSELECT "users".* FROM "users" WHERE "users"."auth_token" = 'e30a0341d49bc726da91b448067c8308a2d1517b' LIMIT 1 /*action='create',application='Backend',controller='lessons'*/[0m
  ↳ app/controllers/application_controller.rb:7:in 'ApplicationController#current_user'
  [1m[36mCourse Load (0.1ms)[0m  [1m[34mSELECT "courses".* FROM "courses" WHERE "courses"."id" = 2 LIMIT 1 /*action='create',application='Backend',controller='lessons'*/[0m
  ↳ app/controllers/api/v1/lessons_controller.rb:47:in 'Api::V1::LessonsController#set_course'
[31mUnpermitted parameters: :course_id, :lesson. Context: { controller: Api::V1::LessonsController, action: create, request: #<ActionDispatch::Request:0x0000ffff566a1d68>, params: {"title" => "title", "video_url" => "http://youtube.com/videozinho", "controller" => "api/v1/lessons", "action" => "create", "course_id" => "2", "lesson" => {"title" => "title", "video_url" => "http://youtube.com/videozinho"}} }[0m
  [1m[36mTRANSACTION (0.2ms)[0m  [1m[35mBEGIN /*action='create',application='Backend',controller='lessons'*/[0m
  ↳ app/controllers/api/v1/lessons_controller.rb:14:in 'Api::V1::LessonsController#create'
  [1m[36mLesson Create (1.6ms)[0m  [1m[32mINSERT INTO "lessons" ("title", "video_url", "status", "course_id", "created_at", "updated_at") VALUES ('title', 'http://youtube.com/videozinho', 'draft', 2, '2026-05-09 22:02:56.012271', '2026-05-09 22:02:56.012271') RETURNING "id" /*action='create',application='Backend',controller='lessons'*/[0m
  ↳ app/controllers/api/v1/lessons_controller.rb:14:in 'Api::V1::LessonsController#create'
  [1m[36mTRANSACTION (1.5ms)[0m  [1m[35mCOMMIT /*action='create',application='Backend',controller='lessons'*/[0m
  ↳ app/controllers/api/v1/lessons_controller.rb:14:in 'Api::V1::LessonsController#create'
Completed 201 Created in 9ms (Views: 0.2ms | ActiveRecord: 3.9ms (3 queries, 0 cached) | GC: 0.0ms)


Started POST "/api/v1/courses/5/lessons" for 192.168.65.1 at 2026-05-09 22:03:01 +0000
Processing by Api::V1::LessonsController#create as */*
  Parameters: {"title" => "title", "video_url" => "http://youtube.com/videozinho", "course_id" => "5", "lesson" => {"title" => "title", "video_url" => "http://youtube.com/videozinho"}}
  [1m[36mUser Load (0.4ms)[0m  [1m[34mSELECT "users".* FROM "users" WHERE "users"."auth_token" = 'e30a0341d49bc726da91b448067c8308a2d1517b' LIMIT 1 /*action='create',application='Backend',controller='lessons'*/[0m
  ↳ app/controllers/application_controller.rb:7:in 'ApplicationController#current_user'
  [1m[36mCourse Load (0.2ms)[0m  [1m[34mSELECT "courses".* FROM "courses" WHERE "courses"."id" = 5 LIMIT 1 /*action='create',application='Backend',controller='lessons'*/[0m
  ↳ app/controllers/api/v1/lessons_controller.rb:47:in 'Api::V1::LessonsController#set_course'
[31mUnpermitted parameters: :course_id, :lesson. Context: { controller: Api::V1::LessonsController, action: create, request: #<ActionDispatch::Request:0x0000ffff59438218>, params: {"title" => "title", "video_url" => "http://youtube.com/videozinho", "controller" => "api/v1/lessons", "action" => "create", "course_id" => "5", "lesson" => {"title" => "title", "video_url" => "http://youtube.com/videozinho"}} }[0m
  [1m[36mTRANSACTION (0.2ms)[0m  [1m[35mBEGIN /*action='create',application='Backend',controller='lessons'*/[0m
  ↳ app/controllers/api/v1/lessons_controller.rb:14:in 'Api::V1::LessonsController#create'
  [1m[36mLesson Create (1.5ms)[0m  [1m[32mINSERT INTO "lessons" ("title", "video_url", "status", "course_id", "created_at", "updated_at") VALUES ('title', 'http://youtube.com/videozinho', 'draft', 5, '2026-05-09 22:03:01.526644', '2026-05-09 22:03:01.526644') RETURNING "id" /*action='create',application='Backend',controller='lessons'*/[0m
  ↳ app/controllers/api/v1/lessons_controller.rb:14:in 'Api::V1::LessonsController#create'
  [1m[36mTRANSACTION (0.8ms)[0m  [1m[35mCOMMIT /*action='create',application='Backend',controller='lessons'*/[0m
  ↳ app/controllers/api/v1/lessons_controller.rb:14:in 'Api::V1::LessonsController#create'
Completed 201 Created in 7ms (Views: 0.2ms | ActiveRecord: 3.1ms (3 queries, 0 cached) | GC: 0.0ms)


  [1m[36mUser Load (0.3ms)[0m  [1m[34mSELECT "users".* FROM "users" WHERE "users"."auth_token" = 'e30a0341d49bc726da91b448067c8308a2d1517b' LIMIT 1 /*application='Backend'*/[0m
  [1m[36mCourse Load (1.2ms)[0m  [1m[34mSELECT "courses".* FROM "courses" /* loading for pp */ LIMIT 11 /*application='Backend'*/[0m
Started POST "/api/v1/courses/3/lessons" for 192.168.65.1 at 2026-05-09 22:05:14 +0000
Processing by Api::V1::LessonsController#create as */*
  Parameters: {"title" => "title", "video_url" => "http://youtube.com/videozinho", "course_id" => "3", "lesson" => {"title" => "title", "video_url" => "http://youtube.com/videozinho"}}
  [1m[36mUser Load (0.4ms)[0m  [1m[34mSELECT "users".* FROM "users" WHERE "users"."auth_token" = 'e30a0341d49bc726da91b448067c8308a2d1517b' LIMIT 1 /*action='create',application='Backend',controller='lessons'*/[0m
  ↳ app/controllers/application_controller.rb:7:in 'ApplicationController#current_user'
  [1m[36mCourse Load (0.2ms)[0m  [1m[34mSELECT "courses".* FROM "courses" WHERE "courses"."id" = 3 LIMIT 1 /*action='create',application='Backend',controller='lessons'*/[0m
  ↳ app/controllers/api/v1/lessons_controller.rb:47:in 'Api::V1::LessonsController#set_course'
[31mUnpermitted parameters: :course_id, :lesson. Context: { controller: Api::V1::LessonsController, action: create, request: #<ActionDispatch::Request:0x0000ffff520d5aa0>, params: {"title" => "title", "video_url" => "http://youtube.com/videozinho", "controller" => "api/v1/lessons", "action" => "create", "course_id" => "3", "lesson" => {"title" => "title", "video_url" => "http://youtube.com/videozinho"}} }[0m
  [1m[36mTRANSACTION (0.1ms)[0m  [1m[35mBEGIN /*action='create',application='Backend',controller='lessons'*/[0m
  ↳ app/controllers/api/v1/lessons_controller.rb:14:in 'Api::V1::LessonsController#create'
  [1m[36mLesson Create (0.9ms)[0m  [1m[32mINSERT INTO "lessons" ("title", "video_url", "status", "course_id", "created_at", "updated_at") VALUES ('title', 'http://youtube.com/videozinho', 'draft', 3, '2026-05-09 22:05:14.273463', '2026-05-09 22:05:14.273463') RETURNING "id" /*action='create',application='Backend',controller='lessons'*/[0m
  ↳ app/controllers/api/v1/lessons_controller.rb:14:in 'Api::V1::LessonsController#create'
  [1m[36mTRANSACTION (0.6ms)[0m  [1m[35mCOMMIT /*action='create',application='Backend',controller='lessons'*/[0m
  ↳ app/controllers/api/v1/lessons_controller.rb:14:in 'Api::V1::LessonsController#create'
Completed 201 Created in 6ms (Views: 0.1ms | ActiveRecord: 2.2ms (3 queries, 0 cached) | GC: 0.0ms)


Started DELETE "/api/v1/courses/4/lessons/" for 192.168.65.1 at 2026-05-09 22:14:41 +0000
  
ActionController::RoutingError (No route matches [DELETE] "/api/v1/courses/4/lessons"):
  
Started DELETE "/api/v1/courses/4/lessons/8" for 192.168.65.1 at 2026-05-09 22:15:04 +0000
Processing by Api::V1::LessonsController#destroy as */*
  Parameters: {"title" => "title", "video_url" => "http://youtube.com/videozinho", "course_id" => "4", "id" => "8", "lesson" => {"title" => "title", "video_url" => "http://youtube.com/videozinho"}}
  [1m[36mUser Load (0.4ms)[0m  [1m[34mSELECT "users".* FROM "users" WHERE "users"."auth_token" = 'e30a0341d49bc726da91b448067c8308a2d1517b' LIMIT 1 /*action='destroy',application='Backend',controller='lessons'*/[0m
  ↳ app/controllers/application_controller.rb:7:in 'ApplicationController#current_user'
  [1m[36mCourse Load (0.3ms)[0m  [1m[34mSELECT "courses".* FROM "courses" WHERE "courses"."id" = 4 LIMIT 1 /*action='destroy',application='Backend',controller='lessons'*/[0m
  ↳ app/controllers/api/v1/lessons_controller.rb:47:in 'Api::V1::LessonsController#set_course'
  [1m[36mLesson Load (0.2ms)[0m  [1m[34mSELECT "lessons".* FROM "lessons" WHERE "lessons"."course_id" = 4 AND "lessons"."id" = 8 LIMIT 1 /*action='destroy',application='Backend',controller='lessons'*/[0m
  ↳ app/controllers/api/v1/lessons_controller.rb:51:in 'Api::V1::LessonsController#set_lesson'
Completed 404 Not Found in 20ms (ActiveRecord: 3.8ms (3 queries, 0 cached) | GC: 0.2ms)


  
ActiveRecord::RecordNotFound (Couldn't find Lesson with 'id'="8" [WHERE "lessons"."course_id" = $1]):
  
app/controllers/api/v1/lessons_controller.rb:51:in 'Api::V1::LessonsController#set_lesson'
Started DELETE "/api/v1/courses/2/lessons/8" for 192.168.65.1 at 2026-05-09 22:17:02 +0000
Processing by Api::V1::LessonsController#destroy as */*
  Parameters: {"title" => "title", "video_url" => "http://youtube.com/videozinho", "course_id" => "2", "id" => "8", "lesson" => {"title" => "title", "video_url" => "http://youtube.com/videozinho"}}
  [1m[36mUser Load (0.5ms)[0m  [1m[34mSELECT "users".* FROM "users" WHERE "users"."auth_token" = 'e30a0341d49bc726da91b448067c8308a2d1517b' LIMIT 1 /*action='destroy',application='Backend',controller='lessons'*/[0m
  ↳ app/controllers/application_controller.rb:7:in 'ApplicationController#current_user'
  [1m[36mCourse Load (0.2ms)[0m  [1m[34mSELECT "courses".* FROM "courses" WHERE "courses"."id" = 2 LIMIT 1 /*action='destroy',application='Backend',controller='lessons'*/[0m
  ↳ app/controllers/api/v1/lessons_controller.rb:47:in 'Api::V1::LessonsController#set_course'
  [1m[36mLesson Load (0.2ms)[0m  [1m[34mSELECT "lessons".* FROM "lessons" WHERE "lessons"."course_id" = 2 AND "lessons"."id" = 8 LIMIT 1 /*action='destroy',application='Backend',controller='lessons'*/[0m
  ↳ app/controllers/api/v1/lessons_controller.rb:51:in 'Api::V1::LessonsController#set_lesson'
Completed 404 Not Found in 4ms (ActiveRecord: 0.9ms (3 queries, 0 cached) | GC: 0.0ms)


  
ActiveRecord::RecordNotFound (Couldn't find Lesson with 'id'="8" [WHERE "lessons"."course_id" = $1]):
  
app/controllers/api/v1/lessons_controller.rb:51:in 'Api::V1::LessonsController#set_lesson'
  [1m[36mLesson Load (0.2ms)[0m  [1m[34mSELECT "lessons".* FROM "lessons" WHERE "lessons"."id" = 8 LIMIT 1 /*application='Backend'*/[0m
Started DELETE "/api/v1/courses/3/lessons/8" for 192.168.65.1 at 2026-05-09 22:17:23 +0000
Processing by Api::V1::LessonsController#destroy as */*
  Parameters: {"title" => "title", "video_url" => "http://youtube.com/videozinho", "course_id" => "3", "id" => "8", "lesson" => {"title" => "title", "video_url" => "http://youtube.com/videozinho"}}
  [1m[36mUser Load (0.5ms)[0m  [1m[34mSELECT "users".* FROM "users" WHERE "users"."auth_token" = 'e30a0341d49bc726da91b448067c8308a2d1517b' LIMIT 1 /*action='destroy',application='Backend',controller='lessons'*/[0m
  ↳ app/controllers/application_controller.rb:7:in 'ApplicationController#current_user'
  [1m[36mCourse Load (0.3ms)[0m  [1m[34mSELECT "courses".* FROM "courses" WHERE "courses"."id" = 3 LIMIT 1 /*action='destroy',application='Backend',controller='lessons'*/[0m
  ↳ app/controllers/api/v1/lessons_controller.rb:47:in 'Api::V1::LessonsController#set_course'
  [1m[36mLesson Load (0.2ms)[0m  [1m[34mSELECT "lessons".* FROM "lessons" WHERE "lessons"."course_id" = 3 AND "lessons"."id" = 8 LIMIT 1 /*action='destroy',application='Backend',controller='lessons'*/[0m
  ↳ app/controllers/api/v1/lessons_controller.rb:51:in 'Api::V1::LessonsController#set_lesson'
  [1m[36mUser Load (0.2ms)[0m  [1m[34mSELECT "users".* FROM "users" WHERE "users"."id" = 2 LIMIT 1 /*action='destroy',application='Backend',controller='lessons'*/[0m
  ↳ app/controllers/api/v1/lessons_controller.rb:35:in 'Api::V1::LessonsController#destroy'
  [1m[36mCACHE User Load (0.0ms)[0m  [1m[34mSELECT "users".* FROM "users" WHERE "users"."auth_token" = 'e30a0341d49bc726da91b448067c8308a2d1517b' LIMIT 1[0m
  ↳ app/controllers/application_controller.rb:7:in 'ApplicationController#current_user'
Completed 403 Forbidden in 7ms (Views: 0.1ms | ActiveRecord: 1.2ms (5 queries, 1 cached) | GC: 0.0ms)


  [1m[36mCourse Load (1.4ms)[0m  [1m[34mSELECT "courses".* FROM "courses" WHERE "courses"."id" = 8 LIMIT 1 /*application='Backend'*/[0m
Started POST "/api/v1/courses/8/lessons" for 192.168.65.1 at 2026-05-09 22:19:51 +0000
Processing by Api::V1::LessonsController#create as */*
  Parameters: {"title" => "title", "video_url" => "http://youtube.com/videozinho", "course_id" => "8", "lesson" => {"title" => "title", "video_url" => "http://youtube.com/videozinho"}}
  [1m[36mUser Load (0.4ms)[0m  [1m[34mSELECT "users".* FROM "users" WHERE "users"."auth_token" = 'e30a0341d49bc726da91b448067c8308a2d1517b' LIMIT 1 /*action='create',application='Backend',controller='lessons'*/[0m
  ↳ app/controllers/application_controller.rb:7:in 'ApplicationController#current_user'
  [1m[36mCourse Load (0.3ms)[0m  [1m[34mSELECT "courses".* FROM "courses" WHERE "courses"."id" = 8 LIMIT 1 /*action='create',application='Backend',controller='lessons'*/[0m
  ↳ app/controllers/api/v1/lessons_controller.rb:47:in 'Api::V1::LessonsController#set_course'
[31mUnpermitted parameters: :course_id, :lesson. Context: { controller: Api::V1::LessonsController, action: create, request: #<ActionDispatch::Request:0x0000ffff628467c0>, params: {"title" => "title", "video_url" => "http://youtube.com/videozinho", "controller" => "api/v1/lessons", "action" => "create", "course_id" => "8", "lesson" => {"title" => "title", "video_url" => "http://youtube.com/videozinho"}} }[0m
  [1m[36mTRANSACTION (0.2ms)[0m  [1m[35mBEGIN /*action='create',application='Backend',controller='lessons'*/[0m
  ↳ app/controllers/api/v1/lessons_controller.rb:14:in 'Api::V1::LessonsController#create'
  [1m[36mLesson Create (1.5ms)[0m  [1m[32mINSERT INTO "lessons" ("title", "video_url", "status", "course_id", "created_at", "updated_at") VALUES ('title', 'http://youtube.com/videozinho', 'draft', 8, '2026-05-09 22:19:51.154308', '2026-05-09 22:19:51.154308') RETURNING "id" /*action='create',application='Backend',controller='lessons'*/[0m
  ↳ app/controllers/api/v1/lessons_controller.rb:14:in 'Api::V1::LessonsController#create'
  [1m[36mTRANSACTION (2.0ms)[0m  [1m[35mCOMMIT /*action='create',application='Backend',controller='lessons'*/[0m
  ↳ app/controllers/api/v1/lessons_controller.rb:14:in 'Api::V1::LessonsController#create'
Completed 201 Created in 12ms (Views: 0.2ms | ActiveRecord: 4.4ms (3 queries, 0 cached) | GC: 2.5ms)


Started POST "/api/v1/courses/8/lessons" for 192.168.65.1 at 2026-05-09 22:21:44 +0000
Processing by Api::V1::LessonsController#create as */*
  Parameters: {"title" => "title", "video_url" => "http://youtube.com/videozinho", "course_id" => "8", "lesson" => {"title" => "title", "video_url" => "http://youtube.com/videozinho"}}
  [1m[36mUser Load (0.1ms)[0m  [1m[34mSELECT "users".* FROM "users" WHERE "users"."auth_token" = 'e30a0341d49bc726da91b448067c8308a2d1517b' LIMIT 1 /*action='create',application='Backend',controller='lessons'*/[0m
  ↳ app/controllers/application_controller.rb:7:in 'ApplicationController#current_user'
  [1m[36mCourse Load (0.1ms)[0m  [1m[34mSELECT "courses".* FROM "courses" WHERE "courses"."id" = 8 LIMIT 1 /*action='create',application='Backend',controller='lessons'*/[0m
  ↳ app/controllers/api/v1/lessons_controller.rb:53:in 'Api::V1::LessonsController#set_course'
  [1m[36mUser Load (0.2ms)[0m  [1m[34mSELECT "users".* FROM "users" WHERE "users"."id" = 4 LIMIT 1 /*action='create',application='Backend',controller='lessons'*/[0m
  ↳ app/controllers/api/v1/lessons_controller.rb:13:in 'Api::V1::LessonsController#create'
  [1m[36mCACHE User Load (0.0ms)[0m  [1m[34mSELECT "users".* FROM "users" WHERE "users"."auth_token" = 'e30a0341d49bc726da91b448067c8308a2d1517b' LIMIT 1[0m
  ↳ app/controllers/application_controller.rb:7:in 'ApplicationController#current_user'
Completed 403 Forbidden in 10ms (Views: 0.1ms | ActiveRecord: 2.8ms (4 queries, 1 cached) | GC: 0.0ms)


Started GET "/api/v1/courses/4/lessons/8" for 192.168.65.1 at 2026-05-09 22:22:19 +0000
  
ActionController::RoutingError (No route matches [GET] "/api/v1/courses/4/lessons/8"):
  
Started GET "/api/v1/courses/4/lessons/8" for 192.168.65.1 at 2026-05-09 22:23:22 +0000
  
ActionController::RoutingError (No route matches [GET] "/api/v1/courses/4/lessons/8"):
  
Started GET "/api/v1/courses/4/lessons/8" for 192.168.65.1 at 2026-05-09 22:23:47 +0000
  
ActionController::RoutingError (No route matches [GET] "/api/v1/courses/4/lessons/8"):
  
Started GET "/api/v1/courses/4/lessons" for 192.168.65.1 at 2026-05-09 22:25:11 +0000
Processing by Api::V1::LessonsController#index as */*
  Parameters: {"title" => "title", "video_url" => "http://youtube.com/videozinho", "course_id" => "4", "lesson" => {"title" => "title", "video_url" => "http://youtube.com/videozinho"}}
  [1m[36mUser Load (0.1ms)[0m  [1m[34mSELECT "users".* FROM "users" WHERE "users"."auth_token" = 'e30a0341d49bc726da91b448067c8308a2d1517b' LIMIT 1 /*action='index',application='Backend',controller='lessons'*/[0m
  ↳ app/controllers/application_controller.rb:9:in 'ApplicationController#current_user'
  [1m[36mCourse Load (0.2ms)[0m  [1m[34mSELECT "courses".* FROM "courses" WHERE "courses"."id" = 4 LIMIT 1 /*action='index',application='Backend',controller='lessons'*/[0m
  ↳ app/controllers/api/v1/lessons_controller.rb:53:in 'Api::V1::LessonsController#set_course'
  [1m[36mLesson Load (0.1ms)[0m  [1m[34mSELECT "lessons".* FROM "lessons" WHERE "lessons"."course_id" = 4 /*action='index',application='Backend',controller='lessons'*/[0m
  ↳ app/controllers/api/v1/lessons_controller.rb:8:in 'Api::V1::LessonsController#index'
Completed 200 OK in 16ms (Views: 2.7ms | ActiveRecord: 3.1ms (3 queries, 0 cached) | GC: 2.9ms)


